2024-07-05 17:17:24,628 ERROR    root            (gcloud) Command name argument expected.
2024-07-05 17:17:24,629 DEBUG    root            No implementation for release track [GA] for element: [/Users/avenenga/Downloads/google-cloud-sdk/lib/surface/number_registry]
2024-07-05 17:17:24,632 DEBUG    root            Loaded Command Group: ['gcloud', 'docker']
2024-07-05 17:17:24,633 DEBUG    root            Loaded Command Group: ['gcloud', 'iap']
2024-07-05 17:17:24,635 DEBUG    root            Loaded Command Group: ['gcloud', 'filestore']
2024-07-05 17:17:24,637 DEBUG    root            No implementation for release track [GA] for element: [/Users/avenenga/Downloads/google-cloud-sdk/lib/surface/lifesciences]
2024-07-05 17:17:24,637 DEBUG    root            Loaded Command Group: ['gcloud', 'essential_contacts']
2024-07-05 17:17:24,638 DEBUG    root            Loaded Command Group: ['gcloud', 'metastore']
2024-07-05 17:17:24,639 DEBUG    root            Loaded Command Group: ['gcloud', 'services']
2024-07-05 17:17:24,640 DEBUG    root            No implementation for release track [GA] for element: [/Users/avenenga/Downloads/google-cloud-sdk/lib/surface/seclm]
2024-07-05 17:17:24,695 DEBUG    root            Loaded Command Group: ['gcloud', 'ai_platform']
2024-07-05 17:17:24,696 DEBUG    root            Loaded Command Group: ['gcloud', 'workbench']
2024-07-05 17:17:24,697 DEBUG    root            No implementation for release track [GA] for element: [/Users/avenenga/Downloads/google-cloud-sdk/lib/surface/genomics]
2024-07-05 17:17:24,699 DEBUG    root            No implementation for release track [GA] for element: [/Users/avenenga/Downloads/google-cloud-sdk/lib/surface/runtime_config]
2024-07-05 17:17:24,699 DEBUG    root            Loaded Command Group: ['gcloud', 'assured']
2024-07-05 17:17:24,700 DEBUG    root            Loaded Command Group: ['gcloud', 'meta']
2024-07-05 17:17:24,701 DEBUG    root            Loaded Command Group: ['gcloud', 'dataplex']
2024-07-05 17:17:24,701 DEBUG    root            Loaded Command Group: ['gcloud', 'emulators']
2024-07-05 17:17:24,702 DEBUG    root            Loaded Command Group: ['gcloud', 'source']
2024-07-05 17:17:24,703 DEBUG    root            Loaded Command Group: ['gcloud', 'ai']
2024-07-05 17:17:24,704 DEBUG    root            Loaded Command Group: ['gcloud', 'api_gateway']
2024-07-05 17:17:24,705 DEBUG    root            Loaded Command Group: ['gcloud', 'memcache']
2024-07-05 17:17:24,706 DEBUG    root            Loaded Command Group: ['gcloud', 'org_policies']
2024-07-05 17:17:24,706 DEBUG    root            No implementation for release track [GA] for element: [/Users/avenenga/Downloads/google-cloud-sdk/lib/surface/terraform]
2024-07-05 17:17:24,707 DEBUG    root            Loaded Command Group: ['gcloud', 'firestore']
2024-07-05 17:17:24,708 DEBUG    root            No implementation for release track [GA] for element: [/Users/avenenga/Downloads/google-cloud-sdk/lib/surface/quotas]
2024-07-05 17:17:24,708 DEBUG    root            No implementation for release track [GA] for element: [/Users/avenenga/Downloads/google-cloud-sdk/lib/surface/error_reporting]
2024-07-05 17:17:24,708 DEBUG    root            Loaded Command Group: ['gcloud', 'network_management']
2024-07-05 17:17:24,709 DEBUG    root            Loaded Command Group: ['gcloud', 'domains']
2024-07-05 17:17:24,710 DEBUG    root            Loaded Command Group: ['gcloud', 'service_extensions']
2024-07-05 17:17:24,712 DEBUG    root            No implementation for release track [GA] for element: [/Users/avenenga/Downloads/google-cloud-sdk/lib/surface/stacks]
2024-07-05 17:17:24,724 DEBUG    root            Loaded Command Group: ['gcloud', 'storage']
2024-07-05 17:17:24,725 DEBUG    root            No implementation for release track [GA] for element: [/Users/avenenga/Downloads/google-cloud-sdk/lib/surface/audit_manager]
2024-07-05 17:17:24,725 DEBUG    root            Loaded Command Group: ['gcloud', 'transcoder']
2024-07-05 17:17:24,726 DEBUG    root            Loaded Command Group: ['gcloud', 'publicca']
2024-07-05 17:17:24,733 DEBUG    root            Loaded Command Group: ['gcloud', 'feedback']
2024-07-05 17:17:24,734 DEBUG    root            No implementation for release track [GA] for element: [/Users/avenenga/Downloads/google-cloud-sdk/lib/surface/dataproc_gdc]
2024-07-05 17:17:24,734 DEBUG    root            Loaded Command Group: ['gcloud', 'data_catalog']
2024-07-05 17:17:24,735 DEBUG    root            No implementation for release track [GA] for element: [/Users/avenenga/Downloads/google-cloud-sdk/lib/surface/dialogflow]
2024-07-05 17:17:24,735 DEBUG    root            Loaded Command Group: ['gcloud', 'vmware']
2024-07-05 17:17:24,736 DEBUG    root            Loaded Command Group: ['gcloud', 'backup_dr']
2024-07-05 17:17:24,737 DEBUG    root            Loaded Command Group: ['gcloud', 'workspace_add_ons']
2024-07-05 17:17:24,738 DEBUG    root            Loaded Command Group: ['gcloud', 'deployment_manager']
2024-07-05 17:17:24,739 DEBUG    root            Loaded Command Group: ['gcloud', 'datastore']
2024-07-05 17:17:24,739 DEBUG    root            Loaded Command Group: ['gcloud', 'version']
2024-07-05 17:17:24,740 DEBUG    root            Loaded Command Group: ['gcloud', 'datastream']
2024-07-05 17:17:24,741 DEBUG    root            Loaded Command Group: ['gcloud', 'iam']
2024-07-05 17:17:24,742 DEBUG    root            Loaded Command Group: ['gcloud', 'dataflow']
2024-07-05 17:17:24,743 DEBUG    root            Loaded Command Group: ['gcloud', 'scheduler']
2024-07-05 17:17:24,744 DEBUG    root            Loaded Command Group: ['gcloud', 'alloydb']
2024-07-05 17:17:24,745 DEBUG    root            Loaded Command Group: ['gcloud', 'recommender']
2024-07-05 17:17:24,760 DEBUG    root            Loaded Command Group: ['gcloud', 'info']
2024-07-05 17:17:24,760 DEBUG    root            Loaded Command Group: ['gcloud', 'infra_manager']
2024-07-05 17:17:24,761 DEBUG    root            Loaded Command Group: ['gcloud', 'topic']
2024-07-05 17:17:24,762 DEBUG    root            No implementation for release track [GA] for element: [/Users/avenenga/Downloads/google-cloud-sdk/lib/surface/microservices]
2024-07-05 17:17:24,763 DEBUG    root            Loaded Command Group: ['gcloud', 'deploy']
2024-07-05 17:17:24,763 DEBUG    root            Loaded Command Group: ['gcloud', 'access_approval']
2024-07-05 17:17:24,764 DEBUG    root            Loaded Command Group: ['gcloud', 'cheat_sheet']
2024-07-05 17:17:24,765 DEBUG    root            Loaded Command Group: ['gcloud', 'anthos']
2024-07-05 17:17:24,766 DEBUG    root            Loaded Command Group: ['gcloud', 'app']
2024-07-05 17:17:24,815 DEBUG    root            Loaded Command Group: ['gcloud', 'compute']
2024-07-05 17:17:24,825 DEBUG    root            No implementation for release track [GA] for element: [/Users/avenenga/Downloads/google-cloud-sdk/lib/surface/mps]
2024-07-05 17:17:24,825 DEBUG    root            No implementation for release track [GA] for element: [/Users/avenenga/Downloads/google-cloud-sdk/lib/surface/cbrs_spectrum_access]
2024-07-05 17:17:24,826 DEBUG    root            Loaded Command Group: ['gcloud', 'notebooks']
2024-07-05 17:17:24,827 DEBUG    root            Loaded Command Group: ['gcloud', 'telco_automation']
2024-07-05 17:17:24,832 DEBUG    root            Loaded Command Group: ['gcloud', 'survey']
2024-07-05 17:17:24,835 DEBUG    root            Loaded Command Group: ['gcloud', 'functions']
2024-07-05 17:17:24,969 DEBUG    root            No implementation for release track [GA] for element: [/Users/avenenga/Downloads/google-cloud-sdk/lib/surface/interactive]
2024-07-05 17:17:24,970 DEBUG    root            Loaded Command Group: ['gcloud', 'spanner']
2024-07-05 17:17:24,971 DEBUG    root            Loaded Command Group: ['gcloud', 'immersive_stream']
2024-07-05 17:17:24,972 DEBUG    root            Loaded Command Group: ['gcloud', 'components']
2024-07-05 17:17:24,973 DEBUG    root            No implementation for release track [GA] for element: [/Users/avenenga/Downloads/google-cloud-sdk/lib/surface/commerce_procurement]
2024-07-05 17:17:24,973 DEBUG    root            Loaded Command Group: ['gcloud', 'network_services']
2024-07-05 17:17:24,974 DEBUG    root            No implementation for release track [GA] for element: [/Users/avenenga/Downloads/google-cloud-sdk/lib/surface/firebase_data_connect]
2024-07-05 17:17:24,975 DEBUG    root            Loaded Command Group: ['gcloud', 'logging']
2024-07-05 17:17:24,976 DEBUG    root            No implementation for release track [GA] for element: [/Users/avenenga/Downloads/google-cloud-sdk/lib/surface/bq]
2024-07-05 17:17:24,976 DEBUG    root            Loaded Command Group: ['gcloud', 'dns']
2024-07-05 17:17:24,979 DEBUG    root            Loaded Command Group: ['gcloud', 'ml']
2024-07-05 17:17:24,979 DEBUG    root            Loaded Command Group: ['gcloud', 'workstations']
2024-07-05 17:17:24,980 DEBUG    root            Loaded Command Group: ['gcloud', 'scc']
2024-07-05 17:17:24,981 DEBUG    root            Loaded Command Group: ['gcloud', 'active_directory']
2024-07-05 17:17:24,982 DEBUG    root            Loaded Command Group: ['gcloud', 'kms']
2024-07-05 17:17:24,983 DEBUG    root            No implementation for release track [GA] for element: [/Users/avenenga/Downloads/google-cloud-sdk/lib/surface/resource_config]
2024-07-05 17:17:24,983 DEBUG    root            Loaded Command Group: ['gcloud', 'organizations']
2024-07-05 17:17:24,984 DEBUG    root            Loaded Command Group: ['gcloud', 'asset']
2024-07-05 17:17:24,985 DEBUG    root            Loaded Command Group: ['gcloud', 'looker']
2024-07-05 17:17:24,986 DEBUG    root            No implementation for release track [GA] for element: [/Users/avenenga/Downloads/google-cloud-sdk/lib/surface/managed_flink]
2024-07-05 17:17:24,987 DEBUG    root            Loaded Command Group: ['gcloud', 'pubsub']
2024-07-05 17:17:24,988 DEBUG    root            Loaded Command Group: ['gcloud', 'healthcare']
2024-07-05 17:17:24,988 DEBUG    root            No implementation for release track [GA] for element: [/Users/avenenga/Downloads/google-cloud-sdk/lib/surface/kuberun]
2024-07-05 17:17:24,989 DEBUG    root            Loaded Command Group: ['gcloud', 'resource_settings']
2024-07-05 17:17:24,989 DEBUG    root            No implementation for release track [GA] for element: [/Users/avenenga/Downloads/google-cloud-sdk/lib/surface/trace]
2024-07-05 17:17:24,990 DEBUG    root            Loaded Command Group: ['gcloud', 'projects']
2024-07-05 17:17:24,991 DEBUG    root            Loaded Command Group: ['gcloud', 'certificate_manager']
2024-07-05 17:17:24,996 DEBUG    root            Loaded Command Group: ['gcloud', 'help']
2024-07-05 17:17:24,997 DEBUG    root            Loaded Command Group: ['gcloud', 'edge_cloud']
2024-07-05 17:17:24,997 DEBUG    root            No implementation for release track [GA] for element: [/Users/avenenga/Downloads/google-cloud-sdk/lib/surface/media]
2024-07-05 17:17:24,998 DEBUG    root            No implementation for release track [GA] for element: [/Users/avenenga/Downloads/google-cloud-sdk/lib/surface/managed_kafka]
2024-07-05 17:17:24,998 DEBUG    root            No implementation for release track [GA] for element: [/Users/avenenga/Downloads/google-cloud-sdk/lib/surface/dlp]
2024-07-05 17:17:24,999 DEBUG    root            Loaded Command Group: ['gcloud', 'identity']
2024-07-05 17:17:24,999 DEBUG    root            No implementation for release track [GA] for element: [/Users/avenenga/Downloads/google-cloud-sdk/lib/surface/spectrum_access]
2024-07-05 17:17:25,000 DEBUG    root            No implementation for release track [GA] for element: [/Users/avenenga/Downloads/google-cloud-sdk/lib/surface/source_manager]
2024-07-05 17:17:25,000 DEBUG    root            Loaded Command Group: ['gcloud', 'access_context_manager']
2024-07-05 17:17:25,001 DEBUG    root            No implementation for release track [GA] for element: [/Users/avenenga/Downloads/google-cloud-sdk/lib/surface/remote_build_execution]
2024-07-05 17:17:25,002 DEBUG    root            Loaded Command Group: ['gcloud', 'transfer']
2024-07-05 17:17:25,002 DEBUG    root            Loaded Command Group: ['gcloud', 'redis']
2024-07-05 17:17:25,003 DEBUG    root            No implementation for release track [GA] for element: [/Users/avenenga/Downloads/google-cloud-sdk/lib/surface/pam]
2024-07-05 17:17:25,004 DEBUG    root            Loaded Command Group: ['gcloud', 'workflows']
2024-07-05 17:17:25,005 DEBUG    root            No implementation for release track [GA] for element: [/Users/avenenga/Downloads/google-cloud-sdk/lib/surface/blockchain_node_engine]
2024-07-05 17:17:25,006 DEBUG    root            Loaded Command Group: ['gcloud', 'apphub']
2024-07-05 17:17:25,006 DEBUG    root            No implementation for release track [GA] for element: [/Users/avenenga/Downloads/google-cloud-sdk/lib/surface/migration]
2024-07-05 17:17:25,007 DEBUG    root            Loaded Command Group: ['gcloud', 'ids']
2024-07-05 17:17:25,008 DEBUG    root            Loaded Command Group: ['gcloud', 'run']
2024-07-05 17:17:25,009 DEBUG    root            Loaded Command Group: ['gcloud', 'config']
2024-07-05 17:17:25,011 DEBUG    root            No implementation for release track [GA] for element: [/Users/avenenga/Downloads/google-cloud-sdk/lib/surface/fault_injection]
2024-07-05 17:17:25,011 DEBUG    root            Loaded Command Group: ['gcloud', 'ml_engine']
2024-07-05 17:17:25,011 DEBUG    root            No implementation for release track [GA] for element: [/Users/avenenga/Downloads/google-cloud-sdk/lib/surface/blockchain_validator]
2024-07-05 17:17:25,012 DEBUG    root            Loaded Command Group: ['gcloud', 'secrets']
2024-07-05 17:17:25,013 DEBUG    root            Loaded Command Group: ['gcloud', 'database_migration']
2024-07-05 17:17:25,014 DEBUG    root            No implementation for release track [GA] for element: [/Users/avenenga/Downloads/google-cloud-sdk/lib/surface/developer_connect]
2024-07-05 17:17:25,015 DEBUG    root            Loaded Command Group: ['gcloud', 'firebase']
2024-07-05 17:17:25,016 DEBUG    root            Loaded Command Group: ['gcloud', 'artifacts']
2024-07-05 17:17:25,017 DEBUG    root            Loaded Command Group: ['gcloud', 'network_security']
2024-07-05 17:17:25,018 DEBUG    root            Loaded Command Group: ['gcloud', 'network_connectivity']
2024-07-05 17:17:25,019 DEBUG    root            Loaded Command Group: ['gcloud', 'sql']
2024-07-05 17:17:25,020 DEBUG    root            Loaded Command Group: ['gcloud', 'unlock']
2024-07-05 17:17:25,021 DEBUG    root            No implementation for release track [GA] for element: [/Users/avenenga/Downloads/google-cloud-sdk/lib/surface/parallelstore]
2024-07-05 17:17:25,021 DEBUG    root            No implementation for release track [GA] for element: [/Users/avenenga/Downloads/google-cloud-sdk/lib/surface/data_fusion]
2024-07-05 17:17:25,022 DEBUG    root            Loaded Command Group: ['gcloud', 'monitoring']
2024-07-05 17:17:25,023 DEBUG    root            No implementation for release track [GA] for element: [/Users/avenenga/Downloads/google-cloud-sdk/lib/surface/web_security_scanner]
2024-07-05 17:17:25,023 DEBUG    root            Loaded Command Group: ['gcloud', 'cloud_shell']
2024-07-05 17:17:25,024 DEBUG    root            Loaded Command Group: ['gcloud', 'eventarc']
2024-07-05 17:17:25,025 DEBUG    root            Loaded Command Group: ['gcloud', 'recaptcha']
2024-07-05 17:17:25,026 DEBUG    root            No implementation for release track [GA] for element: [/Users/avenenga/Downloads/google-cloud-sdk/lib/surface/datapipelines]
2024-07-05 17:17:25,026 DEBUG    root            Loaded Command Group: ['gcloud', 'composer']
2024-07-05 17:17:25,027 DEBUG    root            Loaded Command Group: ['gcloud', 'netapp']
2024-07-05 17:17:25,028 DEBUG    root            Loaded Command Group: ['gcloud', 'privateca']
2024-07-05 17:17:25,032 DEBUG    root            Loaded Command Group: ['gcloud', 'init']
2024-07-05 17:17:25,033 DEBUG    root            Loaded Command Group: ['gcloud', 'auth']
2024-07-05 17:17:25,034 DEBUG    root            Loaded Command Group: ['gcloud', 'dataproc']
2024-07-05 17:17:25,035 DEBUG    root            Loaded Command Group: ['gcloud', 'endpoints']
2024-07-05 17:17:25,036 DEBUG    root            No implementation for release track [GA] for element: [/Users/avenenga/Downloads/google-cloud-sdk/lib/surface/beyondcorp]
2024-07-05 17:17:25,037 DEBUG    root            Loaded Command Group: ['gcloud', 'service_directory']
2024-07-05 17:17:25,038 DEBUG    root            Loaded Command Group: ['gcloud', 'authz_toolkit']
2024-07-05 17:17:25,038 DEBUG    root            Loaded Command Group: ['gcloud', 'policy_intelligence']
2024-07-05 17:17:25,039 DEBUG    root            Loaded Command Group: ['gcloud', 'batch']
2024-07-05 17:17:25,040 DEBUG    root            Loaded Command Group: ['gcloud', 'edge_cache']
2024-07-05 17:17:25,041 DEBUG    root            Loaded Command Group: ['gcloud', 'bms']
2024-07-05 17:17:25,041 DEBUG    root            Loaded Command Group: ['gcloud', 'policy_troubleshoot']
2024-07-05 17:17:25,042 DEBUG    root            Loaded Command Group: ['gcloud', 'tasks']
2024-07-05 17:17:25,043 DEBUG    root            Loaded Command Group: ['gcloud', 'orglifecycle']
2024-07-05 17:17:25,044 DEBUG    root            Loaded Command Group: ['gcloud', 'billing']
2024-07-05 17:17:25,125 DEBUG    root            Loaded Command Group: ['gcloud', 'builds']
2024-07-05 17:17:25,129 DEBUG    root            No implementation for release track [GA] for element: [/Users/avenenga/Downloads/google-cloud-sdk/lib/surface/code]
2024-07-05 17:17:25,130 DEBUG    root            Loaded Command Group: ['gcloud', 'resource_manager']
2024-07-05 17:17:25,131 DEBUG    root            Loaded Command Group: ['gcloud', 'apigee']
2024-07-05 17:17:25,132 DEBUG    root            Chosen display Format:table[no-heading,margin=6,width=80]([0]:label='':align=left:width=22,[1]:label='':align=left:wrap)
2024-07-05 17:17:25,202 DEBUG    root            Chosen display Format:table[no-heading,margin=6,width=80]([0]:label='':align=left:width=22,[1]:label='':align=left:wrap)
2024-07-05 17:17:25,203 DEBUG    root            Chosen display Format:table[no-heading,margin=6,width=80]([0]:label='':align=left:width=22,[1]:label='':align=left:wrap)
2024-07-05 17:17:25,203 DEBUG    root            Chosen display Format:table[no-heading,margin=6,width=80]([0]:label='':align=left:width=22,[1]:label='':align=left:wrap)
2024-07-05 17:17:25,203 DEBUG    root            Chosen display Format:table[no-heading,margin=6,width=80]([0]:label='':align=left:width=22,[1]:label='':align=left:wrap)
2024-07-05 17:17:25,203 DEBUG    root            Chosen display Format:table[no-heading,margin=6,width=80]([0]:label='':align=left:width=22,[1]:label='':align=left:wrap)
2024-07-05 17:17:25,204 DEBUG    root            Chosen display Format:table[no-heading,margin=6,width=80]([0]:label='':align=left:width=22,[1]:label='':align=left:wrap)
2024-07-05 17:17:25,204 DEBUG    root            Chosen display Format:table[no-heading,margin=6,width=80]([0]:label='':align=left:width=22,[1]:label='':align=left:wrap)
2024-07-05 17:17:25,205 DEBUG    root            Chosen display Format:table[no-heading,margin=6,width=80]([0]:label='':align=left:width=22,[1]:label='':align=left:wrap)
2024-07-05 17:17:25,206 DEBUG    root            Chosen display Format:table[no-heading,margin=6,width=80]([0]:label='':align=left:width=22,[1]:label='':align=left:wrap)
2024-07-05 17:17:25,206 DEBUG    root            Chosen display Format:table[no-heading,margin=6,width=80]([0]:label='':align=left:width=22,[1]:label='':align=left:wrap)
2024-07-05 17:17:25,207 DEBUG    root            Chosen display Format:table[no-heading,margin=6,width=80]([0]:label='':align=left:width=22,[1]:label='':align=left:wrap)
2024-07-05 17:17:25,207 DEBUG    root            Chosen display Format:table[no-heading,margin=6,width=80]([0]:label='':align=left:width=22,[1]:label='':align=left:wrap)
2024-07-05 17:17:25,208 DEBUG    root            Chosen display Format:table[no-heading,margin=6,width=80]([0]:label='':align=left:width=22,[1]:label='':align=left:wrap)
2024-07-05 17:17:25,208 DEBUG    root            Chosen display Format:table[no-heading,margin=6,width=80]([0]:label='':align=left:width=22,[1]:label='':align=left:wrap)
2024-07-05 17:17:25,208 DEBUG    root            Chosen display Format:table[no-heading,margin=6,width=80]([0]:label='':align=left:width=22,[1]:label='':align=left:wrap)
2024-07-05 17:17:25,209 DEBUG    root            Chosen display Format:table[no-heading,margin=6,width=80]([0]:label='':align=left:width=22,[1]:label='':align=left:wrap)
2024-07-05 17:17:25,209 DEBUG    root            Chosen display Format:table[no-heading,margin=6,width=80]([0]:label='':align=left:width=22,[1]:label='':align=left:wrap)
2024-07-05 17:17:25,209 DEBUG    root            Chosen display Format:table[no-heading,margin=6,width=80]([0]:label='':align=left:width=22,[1]:label='':align=left:wrap)
2024-07-05 17:17:25,210 DEBUG    root            Chosen display Format:table[no-heading,margin=6,width=80]([0]:label='':align=left:width=22,[1]:label='':align=left:wrap)
2024-07-05 17:17:25,210 DEBUG    root            Chosen display Format:table[no-heading,margin=6,width=80]([0]:label='':align=left:width=22,[1]:label='':align=left:wrap)
2024-07-05 17:17:25,210 DEBUG    root            Chosen display Format:table[no-heading,margin=6,width=80]([0]:label='':align=left:width=22,[1]:label='':align=left:wrap)
2024-07-05 17:17:25,210 DEBUG    root            Chosen display Format:table[no-heading,margin=6,width=80]([0]:label='':align=left:width=22,[1]:label='':align=left:wrap)
2024-07-05 17:17:25,210 DEBUG    root            Chosen display Format:table[no-heading,margin=6,width=80]([0]:label='':align=left:width=22,[1]:label='':align=left:wrap)
2024-07-05 17:17:25,211 DEBUG    root            Chosen display Format:table[no-heading,margin=6,width=80]([0]:label='':align=left:width=22,[1]:label='':align=left:wrap)
2024-07-05 17:17:25,211 DEBUG    root            Chosen display Format:table[no-heading,margin=6,width=80]([0]:label='':align=left:width=22,[1]:label='':align=left:wrap)
