2024-07-05 17:19:38,828 DEBUG    root            Loaded Command Group: ['gcloud', 'components']
2024-07-05 17:19:38,829 DEBUG    root            Loaded Command Group: ['gcloud', 'components', 'install']
2024-07-05 17:19:38,830 DEBUG    root            Running [gcloud.components.install] with arguments: [COMPONENT-IDS:1: "['app-engine-go']"]
2024-07-05 17:19:38,842 DEBUG    urllib3.connectionpool Starting new HTTPS connection (1): dl.google.com:443
2024-07-05 17:19:39,015 DEBUG    urllib3.connectionpool https://dl.google.com:443 "GET /dl/cloudsdk/channels/rapid/components-v483.0.0.json HTTP/1.1" 200 222658
2024-07-05 17:19:39,132 INFO     ___FILE_ONLY___ 

2024-07-05 17:19:39,134 INFO     ___FILE_ONLY___ 
Your current Google Cloud CLI version is: 483.0.0

2024-07-05 17:19:39,135 INFO     ___FILE_ONLY___ Installing components from version: 483.0.0

2024-07-05 17:19:39,135 INFO     ___FILE_ONLY___ 

2024-07-05 17:19:39,135 DEBUG    root            Chosen display Format:table[box,title="These components will be removed."](details.display_name:label=Name:align=left,version.version_string:label=Version:align=right,data.size.size(zero="",min=1048576):label=Size:align=right)
2024-07-05 17:19:39,135 DEBUG    root            Chosen display Format:table[box,title="These components will be updated."](details.display_name:label=Name:align=left,version.version_string:label=Version:align=right,data.size.size(zero="",min=1048576):label=Size:align=right)
2024-07-05 17:19:39,136 DEBUG    root            Chosen display Format:table[box,title="These components will be installed."](details.display_name:label=Name:align=left,version.version_string:label=Version:align=right,data.size.size(zero="",min=1048576):label=Size:align=right)
2024-07-05 17:19:39,172 INFO     ___FILE_ONLY___ ┌──────────────────────────────────────────────────────┐
2024-07-05 17:19:39,172 INFO     ___FILE_ONLY___ 

2024-07-05 17:19:39,172 INFO     ___FILE_ONLY___ │         These components will be installed.          │
2024-07-05 17:19:39,172 INFO     ___FILE_ONLY___ 

2024-07-05 17:19:39,172 INFO     ___FILE_ONLY___ ├──────────────────────────────┬────────────┬──────────┤
2024-07-05 17:19:39,172 INFO     ___FILE_ONLY___ 

2024-07-05 17:19:39,172 INFO     ___FILE_ONLY___ │             Name             │  Version   │   Size   │
2024-07-05 17:19:39,172 INFO     ___FILE_ONLY___ 

2024-07-05 17:19:39,173 INFO     ___FILE_ONLY___ ├──────────────────────────────┼────────────┼──────────┤
2024-07-05 17:19:39,173 INFO     ___FILE_ONLY___ 

2024-07-05 17:19:39,173 INFO     ___FILE_ONLY___ │ 
2024-07-05 17:19:39,173 INFO     ___FILE_ONLY___ App Engine Go Extensions    
2024-07-05 17:19:39,173 INFO     ___FILE_ONLY___  
2024-07-05 17:19:39,173 INFO     ___FILE_ONLY___ │ 
2024-07-05 17:19:39,173 INFO     ___FILE_ONLY___     1.9.76
2024-07-05 17:19:39,173 INFO     ___FILE_ONLY___  
2024-07-05 17:19:39,173 INFO     ___FILE_ONLY___ │ 
2024-07-05 17:19:39,173 INFO     ___FILE_ONLY___  4.5 MiB
2024-07-05 17:19:39,173 INFO     ___FILE_ONLY___  
2024-07-05 17:19:39,173 INFO     ___FILE_ONLY___ │
2024-07-05 17:19:39,173 INFO     ___FILE_ONLY___ 

2024-07-05 17:19:39,173 INFO     ___FILE_ONLY___ │ 
2024-07-05 17:19:39,173 INFO     ___FILE_ONLY___ Cloud Datastore Emulator    
2024-07-05 17:19:39,173 INFO     ___FILE_ONLY___  
2024-07-05 17:19:39,173 INFO     ___FILE_ONLY___ │ 
2024-07-05 17:19:39,173 INFO     ___FILE_ONLY___      2.3.1
2024-07-05 17:19:39,173 INFO     ___FILE_ONLY___  
2024-07-05 17:19:39,173 INFO     ___FILE_ONLY___ │ 
2024-07-05 17:19:39,173 INFO     ___FILE_ONLY___ 36.2 MiB
2024-07-05 17:19:39,173 INFO     ___FILE_ONLY___  
2024-07-05 17:19:39,173 INFO     ___FILE_ONLY___ │
2024-07-05 17:19:39,173 INFO     ___FILE_ONLY___ 

2024-07-05 17:19:39,173 INFO     ___FILE_ONLY___ │ 
2024-07-05 17:19:39,173 INFO     ___FILE_ONLY___ gRPC Python library         
2024-07-05 17:19:39,173 INFO     ___FILE_ONLY___  
2024-07-05 17:19:39,173 INFO     ___FILE_ONLY___ │ 
2024-07-05 17:19:39,173 INFO     ___FILE_ONLY___     1.20.0
2024-07-05 17:19:39,173 INFO     ___FILE_ONLY___  
2024-07-05 17:19:39,173 INFO     ___FILE_ONLY___ │ 
2024-07-05 17:19:39,173 INFO     ___FILE_ONLY___  1.9 MiB
2024-07-05 17:19:39,173 INFO     ___FILE_ONLY___  
2024-07-05 17:19:39,173 INFO     ___FILE_ONLY___ │
2024-07-05 17:19:39,173 INFO     ___FILE_ONLY___ 

2024-07-05 17:19:39,173 INFO     ___FILE_ONLY___ │ 
2024-07-05 17:19:39,173 INFO     ___FILE_ONLY___ gcloud app Python Extensions
2024-07-05 17:19:39,173 INFO     ___FILE_ONLY___  
2024-07-05 17:19:39,173 INFO     ___FILE_ONLY___ │ 
2024-07-05 17:19:39,173 INFO     ___FILE_ONLY___    1.9.113
2024-07-05 17:19:39,173 INFO     ___FILE_ONLY___  
2024-07-05 17:19:39,173 INFO     ___FILE_ONLY___ │ 
2024-07-05 17:19:39,173 INFO     ___FILE_ONLY___  5.0 MiB
2024-07-05 17:19:39,173 INFO     ___FILE_ONLY___  
2024-07-05 17:19:39,173 INFO     ___FILE_ONLY___ │
2024-07-05 17:19:39,173 INFO     ___FILE_ONLY___ 

2024-07-05 17:19:39,173 INFO     ___FILE_ONLY___ │ 
2024-07-05 17:19:39,173 INFO     ___FILE_ONLY___ gcloud cli dependencies     
2024-07-05 17:19:39,174 INFO     ___FILE_ONLY___  
2024-07-05 17:19:39,174 INFO     ___FILE_ONLY___ │ 
2024-07-05 17:19:39,174 INFO     ___FILE_ONLY___ 2021.04.16
2024-07-05 17:19:39,174 INFO     ___FILE_ONLY___  
2024-07-05 17:19:39,174 INFO     ___FILE_ONLY___ │ 
2024-07-05 17:19:39,174 INFO     ___FILE_ONLY___  < 1 MiB
2024-07-05 17:19:39,174 INFO     ___FILE_ONLY___  
2024-07-05 17:19:39,174 INFO     ___FILE_ONLY___ │
2024-07-05 17:19:39,174 INFO     ___FILE_ONLY___ 

2024-07-05 17:19:39,174 INFO     ___FILE_ONLY___ └──────────────────────────────┴────────────┴──────────┘
2024-07-05 17:19:39,174 INFO     ___FILE_ONLY___ 

2024-07-05 17:19:39,174 INFO     ___FILE_ONLY___ 

2024-07-05 17:19:39,179 DEBUG    urllib3.connectionpool Starting new HTTPS connection (1): dl.google.com:443
2024-07-05 17:19:39,562 DEBUG    urllib3.connectionpool https://dl.google.com:443 "GET /dl/cloudsdk/channels/rapid/RELEASE_NOTES HTTP/1.1" 200 1238234
2024-07-05 17:19:39,780 INFO     ___FILE_ONLY___ For the latest full release notes, please visit:
  https://cloud.google.com/sdk/release_notes


2024-07-05 17:19:41,729 INFO     ___FILE_ONLY___ Performing in place update...


2024-07-05 17:19:41,743 INFO     ___FILE_ONLY___ ╔════════════════════════════════════════════════════════════╗

2024-07-05 17:19:41,744 INFO     ___FILE_ONLY___ ╠═ Downloading: App Engine Go Extensions                    ═╣

2024-07-05 17:19:41,744 INFO     ___FILE_ONLY___ ╚
2024-07-05 17:19:41,744 INFO     ___FILE_ONLY___ ════════════════════════════════════════════════════════════
2024-07-05 17:19:41,744 INFO     ___FILE_ONLY___ ╝
2024-07-05 17:19:41,744 INFO     ___FILE_ONLY___ ╠════════════════════════════════════════════════════════════╣

2024-07-05 17:19:41,744 INFO     ___FILE_ONLY___ ╠═ Downloading: App Engine Go Extensions                    ═╣

2024-07-05 17:19:41,744 INFO     ___FILE_ONLY___ ╚
2024-07-05 17:19:41,753 DEBUG    urllib3.connectionpool Starting new HTTPS connection (1): dl.google.com:443
2024-07-05 17:19:42,182 DEBUG    urllib3.connectionpool https://dl.google.com:443 "GET /dl/cloudsdk/channels/rapid/components/google-cloud-sdk-app-engine-go-darwin-arm-20231215195722.tar.gz HTTP/1.1" 200 4673886
2024-07-05 17:19:42,659 INFO     ___FILE_ONLY___ ═
2024-07-05 17:19:42,660 INFO     ___FILE_ONLY___ ═
2024-07-05 17:19:42,660 INFO     ___FILE_ONLY___ ═
2024-07-05 17:19:42,660 INFO     ___FILE_ONLY___ ═
2024-07-05 17:19:42,660 INFO     ___FILE_ONLY___ ═
2024-07-05 17:19:42,660 INFO     ___FILE_ONLY___ ═
2024-07-05 17:19:42,661 INFO     ___FILE_ONLY___ ═
2024-07-05 17:19:42,661 INFO     ___FILE_ONLY___ ═
2024-07-05 17:19:42,661 INFO     ___FILE_ONLY___ ═
2024-07-05 17:19:42,661 INFO     ___FILE_ONLY___ ═
2024-07-05 17:19:42,661 INFO     ___FILE_ONLY___ ═
2024-07-05 17:19:42,661 INFO     ___FILE_ONLY___ ═
2024-07-05 17:19:42,661 INFO     ___FILE_ONLY___ ═
2024-07-05 17:19:42,662 INFO     ___FILE_ONLY___ ═
2024-07-05 17:19:42,662 INFO     ___FILE_ONLY___ ═
2024-07-05 17:19:42,662 INFO     ___FILE_ONLY___ ═
2024-07-05 17:19:42,662 INFO     ___FILE_ONLY___ ═
2024-07-05 17:19:42,663 INFO     ___FILE_ONLY___ ═
2024-07-05 17:19:42,663 INFO     ___FILE_ONLY___ ═
2024-07-05 17:19:42,663 INFO     ___FILE_ONLY___ ═
2024-07-05 17:19:42,663 INFO     ___FILE_ONLY___ ═
2024-07-05 17:19:42,663 INFO     ___FILE_ONLY___ ═
2024-07-05 17:19:42,663 INFO     ___FILE_ONLY___ ═
2024-07-05 17:19:42,663 INFO     ___FILE_ONLY___ ═
2024-07-05 17:19:42,664 INFO     ___FILE_ONLY___ ═
2024-07-05 17:19:42,664 INFO     ___FILE_ONLY___ ═
2024-07-05 17:19:42,664 INFO     ___FILE_ONLY___ ═
2024-07-05 17:19:42,664 INFO     ___FILE_ONLY___ ═
2024-07-05 17:19:42,664 INFO     ___FILE_ONLY___ ═
2024-07-05 17:19:42,664 INFO     ___FILE_ONLY___ ═
2024-07-05 17:19:42,664 INFO     ___FILE_ONLY___ ═
2024-07-05 17:19:42,664 INFO     ___FILE_ONLY___ ═
2024-07-05 17:19:42,665 INFO     ___FILE_ONLY___ ═
2024-07-05 17:19:42,665 INFO     ___FILE_ONLY___ ═
2024-07-05 17:19:42,665 INFO     ___FILE_ONLY___ ═
2024-07-05 17:19:42,665 INFO     ___FILE_ONLY___ ═
2024-07-05 17:19:42,665 INFO     ___FILE_ONLY___ ═
2024-07-05 17:19:42,665 INFO     ___FILE_ONLY___ ═
2024-07-05 17:19:42,665 INFO     ___FILE_ONLY___ ═
2024-07-05 17:19:42,665 INFO     ___FILE_ONLY___ ═
2024-07-05 17:19:42,666 INFO     ___FILE_ONLY___ ═
2024-07-05 17:19:42,666 INFO     ___FILE_ONLY___ ═
2024-07-05 17:19:42,666 INFO     ___FILE_ONLY___ ═
2024-07-05 17:19:42,666 INFO     ___FILE_ONLY___ ═
2024-07-05 17:19:42,666 INFO     ___FILE_ONLY___ ═
2024-07-05 17:19:42,666 INFO     ___FILE_ONLY___ ═
2024-07-05 17:19:42,666 INFO     ___FILE_ONLY___ ═
2024-07-05 17:19:42,666 INFO     ___FILE_ONLY___ ═
2024-07-05 17:19:42,667 INFO     ___FILE_ONLY___ ═
2024-07-05 17:19:42,667 INFO     ___FILE_ONLY___ ═
2024-07-05 17:19:42,667 INFO     ___FILE_ONLY___ ═
2024-07-05 17:19:42,667 INFO     ___FILE_ONLY___ ═
2024-07-05 17:19:42,667 INFO     ___FILE_ONLY___ ═
2024-07-05 17:19:42,667 INFO     ___FILE_ONLY___ ═
2024-07-05 17:19:42,667 INFO     ___FILE_ONLY___ ═
2024-07-05 17:19:42,667 INFO     ___FILE_ONLY___ ═
2024-07-05 17:19:42,668 INFO     ___FILE_ONLY___ ═
2024-07-05 17:19:42,668 INFO     ___FILE_ONLY___ ═
2024-07-05 17:19:42,668 INFO     ___FILE_ONLY___ ═
2024-07-05 17:19:42,668 INFO     ___FILE_ONLY___ ═
2024-07-05 17:19:42,668 INFO     ___FILE_ONLY___ ╝
2024-07-05 17:19:42,669 INFO     ___FILE_ONLY___ ╠════════════════════════════════════════════════════════════╣

2024-07-05 17:19:42,669 INFO     ___FILE_ONLY___ ╠═ Downloading: Cloud Datastore Emulator                    ═╣

2024-07-05 17:19:42,669 INFO     ___FILE_ONLY___ ╚
2024-07-05 17:19:42,675 DEBUG    urllib3.connectionpool Starting new HTTPS connection (1): dl.google.com:443
2024-07-05 17:19:42,903 DEBUG    urllib3.connectionpool https://dl.google.com:443 "GET /dl/cloudsdk/channels/rapid/components/google-cloud-sdk-cloud-datastore-emulator-20230707144938.tar.gz HTTP/1.1" 200 37925014
2024-07-05 17:19:43,785 INFO     ___FILE_ONLY___ ═
2024-07-05 17:19:43,786 INFO     ___FILE_ONLY___ ═
2024-07-05 17:19:43,787 INFO     ___FILE_ONLY___ ═
2024-07-05 17:19:43,788 INFO     ___FILE_ONLY___ ═
2024-07-05 17:19:43,788 INFO     ___FILE_ONLY___ ═
2024-07-05 17:19:43,789 INFO     ___FILE_ONLY___ ═
2024-07-05 17:19:43,789 INFO     ___FILE_ONLY___ ═
2024-07-05 17:19:43,790 INFO     ___FILE_ONLY___ ═
2024-07-05 17:19:43,791 INFO     ___FILE_ONLY___ ═
2024-07-05 17:19:43,791 INFO     ___FILE_ONLY___ ═
2024-07-05 17:19:43,793 INFO     ___FILE_ONLY___ ═
2024-07-05 17:19:43,794 INFO     ___FILE_ONLY___ ═
2024-07-05 17:19:43,795 INFO     ___FILE_ONLY___ ═
2024-07-05 17:19:43,796 INFO     ___FILE_ONLY___ ═
2024-07-05 17:19:43,798 INFO     ___FILE_ONLY___ ═
2024-07-05 17:19:43,799 INFO     ___FILE_ONLY___ ═
2024-07-05 17:19:43,801 INFO     ___FILE_ONLY___ ═
2024-07-05 17:19:43,802 INFO     ___FILE_ONLY___ ═
2024-07-05 17:19:43,804 INFO     ___FILE_ONLY___ ═
2024-07-05 17:19:43,806 INFO     ___FILE_ONLY___ ═
2024-07-05 17:19:43,808 INFO     ___FILE_ONLY___ ═
2024-07-05 17:19:43,808 INFO     ___FILE_ONLY___ ═
2024-07-05 17:19:43,809 INFO     ___FILE_ONLY___ ═
2024-07-05 17:19:43,810 INFO     ___FILE_ONLY___ ═
2024-07-05 17:19:43,810 INFO     ___FILE_ONLY___ ═
2024-07-05 17:19:43,811 INFO     ___FILE_ONLY___ ═
2024-07-05 17:19:43,813 INFO     ___FILE_ONLY___ ═
2024-07-05 17:19:43,814 INFO     ___FILE_ONLY___ ═
2024-07-05 17:19:43,814 INFO     ___FILE_ONLY___ ═
2024-07-05 17:19:43,815 INFO     ___FILE_ONLY___ ═
2024-07-05 17:19:43,815 INFO     ___FILE_ONLY___ ═
2024-07-05 17:19:43,816 INFO     ___FILE_ONLY___ ═
2024-07-05 17:19:43,817 INFO     ___FILE_ONLY___ ═
2024-07-05 17:19:43,818 INFO     ___FILE_ONLY___ ═
2024-07-05 17:19:43,818 INFO     ___FILE_ONLY___ ═
2024-07-05 17:19:43,819 INFO     ___FILE_ONLY___ ═
2024-07-05 17:19:43,820 INFO     ___FILE_ONLY___ ═
2024-07-05 17:19:43,820 INFO     ___FILE_ONLY___ ═
2024-07-05 17:19:43,821 INFO     ___FILE_ONLY___ ═
2024-07-05 17:19:43,822 INFO     ___FILE_ONLY___ ═
2024-07-05 17:19:43,823 INFO     ___FILE_ONLY___ ═
2024-07-05 17:19:43,824 INFO     ___FILE_ONLY___ ═
2024-07-05 17:19:43,825 INFO     ___FILE_ONLY___ ═
2024-07-05 17:19:43,825 INFO     ___FILE_ONLY___ ═
2024-07-05 17:19:43,826 INFO     ___FILE_ONLY___ ═
2024-07-05 17:19:43,826 INFO     ___FILE_ONLY___ ═
2024-07-05 17:19:43,827 INFO     ___FILE_ONLY___ ═
2024-07-05 17:19:43,827 INFO     ___FILE_ONLY___ ═
2024-07-05 17:19:43,828 INFO     ___FILE_ONLY___ ═
2024-07-05 17:19:43,828 INFO     ___FILE_ONLY___ ═
2024-07-05 17:19:43,828 INFO     ___FILE_ONLY___ ═
2024-07-05 17:19:43,829 INFO     ___FILE_ONLY___ ═
2024-07-05 17:19:43,829 INFO     ___FILE_ONLY___ ═
2024-07-05 17:19:43,830 INFO     ___FILE_ONLY___ ═
2024-07-05 17:19:43,830 INFO     ___FILE_ONLY___ ═
2024-07-05 17:19:43,831 INFO     ___FILE_ONLY___ ═
2024-07-05 17:19:43,831 INFO     ___FILE_ONLY___ ═
2024-07-05 17:19:43,831 INFO     ___FILE_ONLY___ ═
2024-07-05 17:19:43,832 INFO     ___FILE_ONLY___ ═
2024-07-05 17:19:43,832 INFO     ___FILE_ONLY___ ═
2024-07-05 17:19:43,832 INFO     ___FILE_ONLY___ ╝
2024-07-05 17:19:43,833 INFO     ___FILE_ONLY___ ╠════════════════════════════════════════════════════════════╣

2024-07-05 17:19:43,833 INFO     ___FILE_ONLY___ ╠═ Downloading: gRPC Python library                         ═╣

2024-07-05 17:19:43,833 INFO     ___FILE_ONLY___ ╚
2024-07-05 17:19:43,836 DEBUG    urllib3.connectionpool Starting new HTTPS connection (1): dl.google.com:443
2024-07-05 17:19:44,323 DEBUG    urllib3.connectionpool https://dl.google.com:443 "GET /dl/cloudsdk/channels/rapid/components/google-cloud-sdk-app-engine-grpc-darwin-x86_64-20190426144518.tar.gz HTTP/1.1" 200 1957787
2024-07-05 17:19:44,629 INFO     ___FILE_ONLY___ ═
2024-07-05 17:19:44,630 INFO     ___FILE_ONLY___ ═
2024-07-05 17:19:44,630 INFO     ___FILE_ONLY___ ═
2024-07-05 17:19:44,630 INFO     ___FILE_ONLY___ ═
2024-07-05 17:19:44,630 INFO     ___FILE_ONLY___ ═
2024-07-05 17:19:44,630 INFO     ___FILE_ONLY___ ═
2024-07-05 17:19:44,630 INFO     ___FILE_ONLY___ ═
2024-07-05 17:19:44,630 INFO     ___FILE_ONLY___ ═
2024-07-05 17:19:44,630 INFO     ___FILE_ONLY___ ═
2024-07-05 17:19:44,630 INFO     ___FILE_ONLY___ ═
2024-07-05 17:19:44,630 INFO     ___FILE_ONLY___ ═
2024-07-05 17:19:44,631 INFO     ___FILE_ONLY___ ═
2024-07-05 17:19:44,631 INFO     ___FILE_ONLY___ ═
2024-07-05 17:19:44,631 INFO     ___FILE_ONLY___ ═
2024-07-05 17:19:44,631 INFO     ___FILE_ONLY___ ═
2024-07-05 17:19:44,631 INFO     ___FILE_ONLY___ ═
2024-07-05 17:19:44,631 INFO     ___FILE_ONLY___ ═
2024-07-05 17:19:44,631 INFO     ___FILE_ONLY___ ═
2024-07-05 17:19:44,631 INFO     ___FILE_ONLY___ ═
2024-07-05 17:19:44,631 INFO     ___FILE_ONLY___ ═
2024-07-05 17:19:44,631 INFO     ___FILE_ONLY___ ═
2024-07-05 17:19:44,632 INFO     ___FILE_ONLY___ ═
2024-07-05 17:19:44,632 INFO     ___FILE_ONLY___ ═
2024-07-05 17:19:44,632 INFO     ___FILE_ONLY___ ═
2024-07-05 17:19:44,632 INFO     ___FILE_ONLY___ ═
2024-07-05 17:19:44,632 INFO     ___FILE_ONLY___ ═
2024-07-05 17:19:44,632 INFO     ___FILE_ONLY___ ═
2024-07-05 17:19:44,632 INFO     ___FILE_ONLY___ ═
2024-07-05 17:19:44,632 INFO     ___FILE_ONLY___ ═
2024-07-05 17:19:44,632 INFO     ___FILE_ONLY___ ═
2024-07-05 17:19:44,632 INFO     ___FILE_ONLY___ ═
2024-07-05 17:19:44,632 INFO     ___FILE_ONLY___ ═
2024-07-05 17:19:44,632 INFO     ___FILE_ONLY___ ═
2024-07-05 17:19:44,632 INFO     ___FILE_ONLY___ ═
2024-07-05 17:19:44,632 INFO     ___FILE_ONLY___ ═
2024-07-05 17:19:44,632 INFO     ___FILE_ONLY___ ═
2024-07-05 17:19:44,632 INFO     ___FILE_ONLY___ ═
2024-07-05 17:19:44,632 INFO     ___FILE_ONLY___ ═
2024-07-05 17:19:44,633 INFO     ___FILE_ONLY___ ═
2024-07-05 17:19:44,633 INFO     ___FILE_ONLY___ ═
2024-07-05 17:19:44,633 INFO     ___FILE_ONLY___ ═
2024-07-05 17:19:44,633 INFO     ___FILE_ONLY___ ═
2024-07-05 17:19:44,633 INFO     ___FILE_ONLY___ ═
2024-07-05 17:19:44,633 INFO     ___FILE_ONLY___ ═
2024-07-05 17:19:44,633 INFO     ___FILE_ONLY___ ═
2024-07-05 17:19:44,633 INFO     ___FILE_ONLY___ ═
2024-07-05 17:19:44,633 INFO     ___FILE_ONLY___ ═
2024-07-05 17:19:44,633 INFO     ___FILE_ONLY___ ═
2024-07-05 17:19:44,633 INFO     ___FILE_ONLY___ ═
2024-07-05 17:19:44,633 INFO     ___FILE_ONLY___ ═
2024-07-05 17:19:44,633 INFO     ___FILE_ONLY___ ═
2024-07-05 17:19:44,633 INFO     ___FILE_ONLY___ ═
2024-07-05 17:19:44,633 INFO     ___FILE_ONLY___ ═
2024-07-05 17:19:44,633 INFO     ___FILE_ONLY___ ═
2024-07-05 17:19:44,633 INFO     ___FILE_ONLY___ ═
2024-07-05 17:19:44,633 INFO     ___FILE_ONLY___ ═
2024-07-05 17:19:44,633 INFO     ___FILE_ONLY___ ═
2024-07-05 17:19:44,634 INFO     ___FILE_ONLY___ ═
2024-07-05 17:19:44,634 INFO     ___FILE_ONLY___ ═
2024-07-05 17:19:44,634 INFO     ___FILE_ONLY___ ═
2024-07-05 17:19:44,634 INFO     ___FILE_ONLY___ ╝
2024-07-05 17:19:44,634 INFO     ___FILE_ONLY___ ╠════════════════════════════════════════════════════════════╣

2024-07-05 17:19:44,634 INFO     ___FILE_ONLY___ ╠═ Downloading: gRPC Python library                         ═╣

2024-07-05 17:19:44,634 INFO     ___FILE_ONLY___ ╚
2024-07-05 17:19:44,634 INFO     ___FILE_ONLY___ ════════════════════════════════════════════════════════════
2024-07-05 17:19:44,634 INFO     ___FILE_ONLY___ ╝
2024-07-05 17:19:44,634 INFO     ___FILE_ONLY___ ╠════════════════════════════════════════════════════════════╣

2024-07-05 17:19:44,634 INFO     ___FILE_ONLY___ ╠═ Downloading: gcloud app Python Extensions                ═╣

2024-07-05 17:19:44,634 INFO     ___FILE_ONLY___ ╚
2024-07-05 17:19:44,638 DEBUG    urllib3.connectionpool Starting new HTTPS connection (1): dl.google.com:443
2024-07-05 17:19:44,887 DEBUG    urllib3.connectionpool https://dl.google.com:443 "GET /dl/cloudsdk/channels/rapid/components/google-cloud-sdk-app-engine-python-20240412130805.tar.gz HTTP/1.1" 200 5246358
2024-07-05 17:19:45,283 INFO     ___FILE_ONLY___ ═
2024-07-05 17:19:45,283 INFO     ___FILE_ONLY___ ═
2024-07-05 17:19:45,284 INFO     ___FILE_ONLY___ ═
2024-07-05 17:19:45,284 INFO     ___FILE_ONLY___ ═
2024-07-05 17:19:45,284 INFO     ___FILE_ONLY___ ═
2024-07-05 17:19:45,284 INFO     ___FILE_ONLY___ ═
2024-07-05 17:19:45,284 INFO     ___FILE_ONLY___ ═
2024-07-05 17:19:45,284 INFO     ___FILE_ONLY___ ═
2024-07-05 17:19:45,284 INFO     ___FILE_ONLY___ ═
2024-07-05 17:19:45,285 INFO     ___FILE_ONLY___ ═
2024-07-05 17:19:45,285 INFO     ___FILE_ONLY___ ═
2024-07-05 17:19:45,285 INFO     ___FILE_ONLY___ ═
2024-07-05 17:19:45,285 INFO     ___FILE_ONLY___ ═
2024-07-05 17:19:45,285 INFO     ___FILE_ONLY___ ═
2024-07-05 17:19:45,285 INFO     ___FILE_ONLY___ ═
2024-07-05 17:19:45,286 INFO     ___FILE_ONLY___ ═
2024-07-05 17:19:45,286 INFO     ___FILE_ONLY___ ═
2024-07-05 17:19:45,286 INFO     ___FILE_ONLY___ ═
2024-07-05 17:19:45,286 INFO     ___FILE_ONLY___ ═
2024-07-05 17:19:45,286 INFO     ___FILE_ONLY___ ═
2024-07-05 17:19:45,286 INFO     ___FILE_ONLY___ ═
2024-07-05 17:19:45,287 INFO     ___FILE_ONLY___ ═
2024-07-05 17:19:45,287 INFO     ___FILE_ONLY___ ═
2024-07-05 17:19:45,287 INFO     ___FILE_ONLY___ ═
2024-07-05 17:19:45,287 INFO     ___FILE_ONLY___ ═
2024-07-05 17:19:45,287 INFO     ___FILE_ONLY___ ═
2024-07-05 17:19:45,287 INFO     ___FILE_ONLY___ ═
2024-07-05 17:19:45,288 INFO     ___FILE_ONLY___ ═
2024-07-05 17:19:45,288 INFO     ___FILE_ONLY___ ═
2024-07-05 17:19:45,288 INFO     ___FILE_ONLY___ ═
2024-07-05 17:19:45,288 INFO     ___FILE_ONLY___ ═
2024-07-05 17:19:45,288 INFO     ___FILE_ONLY___ ═
2024-07-05 17:19:45,288 INFO     ___FILE_ONLY___ ═
2024-07-05 17:19:45,288 INFO     ___FILE_ONLY___ ═
2024-07-05 17:19:45,288 INFO     ___FILE_ONLY___ ═
2024-07-05 17:19:45,289 INFO     ___FILE_ONLY___ ═
2024-07-05 17:19:45,289 INFO     ___FILE_ONLY___ ═
2024-07-05 17:19:45,289 INFO     ___FILE_ONLY___ ═
2024-07-05 17:19:45,289 INFO     ___FILE_ONLY___ ═
2024-07-05 17:19:45,289 INFO     ___FILE_ONLY___ ═
2024-07-05 17:19:45,289 INFO     ___FILE_ONLY___ ═
2024-07-05 17:19:45,289 INFO     ___FILE_ONLY___ ═
2024-07-05 17:19:45,289 INFO     ___FILE_ONLY___ ═
2024-07-05 17:19:45,290 INFO     ___FILE_ONLY___ ═
2024-07-05 17:19:45,290 INFO     ___FILE_ONLY___ ═
2024-07-05 17:19:45,290 INFO     ___FILE_ONLY___ ═
2024-07-05 17:19:45,290 INFO     ___FILE_ONLY___ ═
2024-07-05 17:19:45,290 INFO     ___FILE_ONLY___ ═
2024-07-05 17:19:45,290 INFO     ___FILE_ONLY___ ═
2024-07-05 17:19:45,290 INFO     ___FILE_ONLY___ ═
2024-07-05 17:19:45,290 INFO     ___FILE_ONLY___ ═
2024-07-05 17:19:45,291 INFO     ___FILE_ONLY___ ═
2024-07-05 17:19:45,291 INFO     ___FILE_ONLY___ ═
2024-07-05 17:19:45,291 INFO     ___FILE_ONLY___ ═
2024-07-05 17:19:45,291 INFO     ___FILE_ONLY___ ═
2024-07-05 17:19:45,291 INFO     ___FILE_ONLY___ ═
2024-07-05 17:19:45,291 INFO     ___FILE_ONLY___ ═
2024-07-05 17:19:45,291 INFO     ___FILE_ONLY___ ═
2024-07-05 17:19:45,292 INFO     ___FILE_ONLY___ ═
2024-07-05 17:19:45,292 INFO     ___FILE_ONLY___ ═
2024-07-05 17:19:45,292 INFO     ___FILE_ONLY___ ╝
2024-07-05 17:19:45,293 INFO     ___FILE_ONLY___ ╠════════════════════════════════════════════════════════════╣

2024-07-05 17:19:45,293 INFO     ___FILE_ONLY___ ╠═ Downloading: gcloud cli dependencies                     ═╣

2024-07-05 17:19:45,293 INFO     ___FILE_ONLY___ ╚
2024-07-05 17:19:45,304 DEBUG    urllib3.connectionpool Starting new HTTPS connection (1): dl.google.com:443
2024-07-05 17:19:45,507 DEBUG    urllib3.connectionpool https://dl.google.com:443 "GET /dl/cloudsdk/channels/rapid/components/google-cloud-sdk-gcloud-deps-darwin-x86_64-20210416153011.tar.gz HTTP/1.1" 200 105
2024-07-05 17:19:45,511 INFO     ___FILE_ONLY___ ════════════════════════════════════════════════════════════
2024-07-05 17:19:45,511 INFO     ___FILE_ONLY___ ╝
2024-07-05 17:19:45,513 INFO     ___FILE_ONLY___ ╠════════════════════════════════════════════════════════════╣

2024-07-05 17:19:45,513 INFO     ___FILE_ONLY___ ╠═ Installing: App Engine Go Extensions                     ═╣

2024-07-05 17:19:45,513 INFO     ___FILE_ONLY___ ╚
2024-07-05 17:19:45,516 INFO     ___FILE_ONLY___ ════════════════════════════════════════════════════════════
2024-07-05 17:19:45,517 INFO     ___FILE_ONLY___ ╝
2024-07-05 17:19:45,517 INFO     ___FILE_ONLY___ ╠════════════════════════════════════════════════════════════╣

2024-07-05 17:19:45,517 INFO     ___FILE_ONLY___ ╠═ Installing: App Engine Go Extensions                     ═╣

2024-07-05 17:19:45,517 INFO     ___FILE_ONLY___ ╚
2024-07-05 17:19:45,548 INFO     ___FILE_ONLY___ ══════════
2024-07-05 17:19:45,548 INFO     ___FILE_ONLY___ ══════════
2024-07-05 17:19:45,549 INFO     ___FILE_ONLY___ ══════════
2024-07-05 17:19:45,550 INFO     ___FILE_ONLY___ ══════════
2024-07-05 17:19:45,550 INFO     ___FILE_ONLY___ ══════════
2024-07-05 17:19:45,578 INFO     ___FILE_ONLY___ ══════════
2024-07-05 17:19:45,578 INFO     ___FILE_ONLY___ ╝
2024-07-05 17:19:45,579 INFO     ___FILE_ONLY___ ╠════════════════════════════════════════════════════════════╣

2024-07-05 17:19:45,580 INFO     ___FILE_ONLY___ ╠═ Installing: Cloud Datastore Emulator                     ═╣

2024-07-05 17:19:45,580 INFO     ___FILE_ONLY___ ╚
2024-07-05 17:19:45,682 INFO     ___FILE_ONLY___ ═══════════════
2024-07-05 17:19:45,811 INFO     ___FILE_ONLY___ ═══════════════
2024-07-05 17:19:45,811 INFO     ___FILE_ONLY___ ═══════════════
2024-07-05 17:19:45,811 INFO     ___FILE_ONLY___ ═══════════════
2024-07-05 17:19:45,811 INFO     ___FILE_ONLY___ ╝
2024-07-05 17:19:45,813 INFO     ___FILE_ONLY___ ╠════════════════════════════════════════════════════════════╣

2024-07-05 17:19:45,813 INFO     ___FILE_ONLY___ ╠═ Installing: gRPC Python library                          ═╣

2024-07-05 17:19:45,814 INFO     ___FILE_ONLY___ ╚
2024-07-05 17:19:45,826 INFO     ___FILE_ONLY___ ═
2024-07-05 17:19:45,826 INFO     ___FILE_ONLY___ ═
2024-07-05 17:19:45,826 INFO     ___FILE_ONLY___ ═
2024-07-05 17:19:45,826 INFO     ___FILE_ONLY___ ═
2024-07-05 17:19:45,826 INFO     ___FILE_ONLY___ ═
2024-07-05 17:19:45,827 INFO     ___FILE_ONLY___ ═
2024-07-05 17:19:45,827 INFO     ___FILE_ONLY___ ═
2024-07-05 17:19:45,827 INFO     ___FILE_ONLY___ ═
2024-07-05 17:19:45,827 INFO     ___FILE_ONLY___ ═
2024-07-05 17:19:45,828 INFO     ___FILE_ONLY___ ═
2024-07-05 17:19:45,828 INFO     ___FILE_ONLY___ ═
2024-07-05 17:19:45,828 INFO     ___FILE_ONLY___ ═
2024-07-05 17:19:45,828 INFO     ___FILE_ONLY___ ═
2024-07-05 17:19:45,829 INFO     ___FILE_ONLY___ ═
2024-07-05 17:19:45,829 INFO     ___FILE_ONLY___ ═
2024-07-05 17:19:45,829 INFO     ___FILE_ONLY___ ═
2024-07-05 17:19:45,829 INFO     ___FILE_ONLY___ ═
2024-07-05 17:19:45,829 INFO     ___FILE_ONLY___ ═
2024-07-05 17:19:45,830 INFO     ___FILE_ONLY___ ═
2024-07-05 17:19:45,830 INFO     ___FILE_ONLY___ ═
2024-07-05 17:19:45,830 INFO     ___FILE_ONLY___ ═
2024-07-05 17:19:45,830 INFO     ___FILE_ONLY___ ═
2024-07-05 17:19:45,830 INFO     ___FILE_ONLY___ ═
2024-07-05 17:19:45,831 INFO     ___FILE_ONLY___ ═
2024-07-05 17:19:45,831 INFO     ___FILE_ONLY___ ═
2024-07-05 17:19:45,831 INFO     ___FILE_ONLY___ ═
2024-07-05 17:19:45,831 INFO     ___FILE_ONLY___ ═
2024-07-05 17:19:45,831 INFO     ___FILE_ONLY___ ═
2024-07-05 17:19:45,832 INFO     ___FILE_ONLY___ ═
2024-07-05 17:19:45,832 INFO     ___FILE_ONLY___ ═
2024-07-05 17:19:45,832 INFO     ___FILE_ONLY___ ═
2024-07-05 17:19:45,832 INFO     ___FILE_ONLY___ ═
2024-07-05 17:19:45,833 INFO     ___FILE_ONLY___ ═
2024-07-05 17:19:45,845 INFO     ___FILE_ONLY___ ═
2024-07-05 17:19:45,845 INFO     ___FILE_ONLY___ ═
2024-07-05 17:19:45,845 INFO     ___FILE_ONLY___ ═
2024-07-05 17:19:45,846 INFO     ___FILE_ONLY___ ═
2024-07-05 17:19:45,846 INFO     ___FILE_ONLY___ ═
2024-07-05 17:19:45,846 INFO     ___FILE_ONLY___ ═
2024-07-05 17:19:45,846 INFO     ___FILE_ONLY___ ═
2024-07-05 17:19:45,847 INFO     ___FILE_ONLY___ ═
2024-07-05 17:19:45,847 INFO     ___FILE_ONLY___ ═
2024-07-05 17:19:45,847 INFO     ___FILE_ONLY___ ═
2024-07-05 17:19:45,847 INFO     ___FILE_ONLY___ ═
2024-07-05 17:19:45,848 INFO     ___FILE_ONLY___ ═
2024-07-05 17:19:45,848 INFO     ___FILE_ONLY___ ═
2024-07-05 17:19:45,848 INFO     ___FILE_ONLY___ ═
2024-07-05 17:19:45,848 INFO     ___FILE_ONLY___ ═
2024-07-05 17:19:45,849 INFO     ___FILE_ONLY___ ═
2024-07-05 17:19:45,849 INFO     ___FILE_ONLY___ ═
2024-07-05 17:19:45,849 INFO     ___FILE_ONLY___ ═
2024-07-05 17:19:45,849 INFO     ___FILE_ONLY___ ═
2024-07-05 17:19:45,849 INFO     ___FILE_ONLY___ ═
2024-07-05 17:19:45,850 INFO     ___FILE_ONLY___ ═
2024-07-05 17:19:45,850 INFO     ___FILE_ONLY___ ═
2024-07-05 17:19:45,850 INFO     ___FILE_ONLY___ ═
2024-07-05 17:19:45,850 INFO     ___FILE_ONLY___ ═
2024-07-05 17:19:45,850 INFO     ___FILE_ONLY___ ═
2024-07-05 17:19:45,851 INFO     ___FILE_ONLY___ ═
2024-07-05 17:19:45,851 INFO     ___FILE_ONLY___ ═
2024-07-05 17:19:45,851 INFO     ___FILE_ONLY___ ╝
2024-07-05 17:19:45,855 INFO     ___FILE_ONLY___ ╠════════════════════════════════════════════════════════════╣

2024-07-05 17:19:45,855 INFO     ___FILE_ONLY___ ╠═ Installing: gRPC Python library                          ═╣

2024-07-05 17:19:45,855 INFO     ___FILE_ONLY___ ╚
2024-07-05 17:19:45,856 INFO     ___FILE_ONLY___ ════════════════════════════════════════════════════════════
2024-07-05 17:19:45,856 INFO     ___FILE_ONLY___ ╝
2024-07-05 17:19:45,856 INFO     ___FILE_ONLY___ ╠════════════════════════════════════════════════════════════╣

2024-07-05 17:19:45,856 INFO     ___FILE_ONLY___ ╠═ Installing: gcloud app Python Extensions                 ═╣

2024-07-05 17:19:45,856 INFO     ___FILE_ONLY___ ╚
2024-07-05 17:19:45,980 INFO     ___FILE_ONLY___ ═
2024-07-05 17:19:45,986 INFO     ___FILE_ONLY___ ═
2024-07-05 17:19:45,991 INFO     ___FILE_ONLY___ ═
2024-07-05 17:19:45,998 INFO     ___FILE_ONLY___ ═
2024-07-05 17:19:46,004 INFO     ___FILE_ONLY___ ═
2024-07-05 17:19:46,009 INFO     ___FILE_ONLY___ ═
2024-07-05 17:19:46,016 INFO     ___FILE_ONLY___ ═
2024-07-05 17:19:46,023 INFO     ___FILE_ONLY___ ═
2024-07-05 17:19:46,028 INFO     ___FILE_ONLY___ ═
2024-07-05 17:19:46,035 INFO     ___FILE_ONLY___ ═
2024-07-05 17:19:46,041 INFO     ___FILE_ONLY___ ═
2024-07-05 17:19:46,047 INFO     ___FILE_ONLY___ ═
2024-07-05 17:19:46,054 INFO     ___FILE_ONLY___ ═
2024-07-05 17:19:46,059 INFO     ___FILE_ONLY___ ═
2024-07-05 17:19:46,065 INFO     ___FILE_ONLY___ ═
2024-07-05 17:19:46,072 INFO     ___FILE_ONLY___ ═
2024-07-05 17:19:46,078 INFO     ___FILE_ONLY___ ═
2024-07-05 17:19:46,084 INFO     ___FILE_ONLY___ ═
2024-07-05 17:19:46,092 INFO     ___FILE_ONLY___ ═
2024-07-05 17:19:46,097 INFO     ___FILE_ONLY___ ═
2024-07-05 17:19:46,103 INFO     ___FILE_ONLY___ ═
2024-07-05 17:19:46,109 INFO     ___FILE_ONLY___ ═
2024-07-05 17:19:46,114 INFO     ___FILE_ONLY___ ═
2024-07-05 17:19:46,119 INFO     ___FILE_ONLY___ ═
2024-07-05 17:19:46,126 INFO     ___FILE_ONLY___ ═
2024-07-05 17:19:46,131 INFO     ___FILE_ONLY___ ═
2024-07-05 17:19:46,137 INFO     ___FILE_ONLY___ ═
2024-07-05 17:19:46,143 INFO     ___FILE_ONLY___ ═
2024-07-05 17:19:46,148 INFO     ___FILE_ONLY___ ═
2024-07-05 17:19:46,153 INFO     ___FILE_ONLY___ ═
2024-07-05 17:19:46,159 INFO     ___FILE_ONLY___ ═
2024-07-05 17:19:46,164 INFO     ___FILE_ONLY___ ═
2024-07-05 17:19:46,169 INFO     ___FILE_ONLY___ ═
2024-07-05 17:19:46,175 INFO     ___FILE_ONLY___ ═
2024-07-05 17:19:46,180 INFO     ___FILE_ONLY___ ═
2024-07-05 17:19:46,186 INFO     ___FILE_ONLY___ ═
2024-07-05 17:19:46,192 INFO     ___FILE_ONLY___ ═
2024-07-05 17:19:46,198 INFO     ___FILE_ONLY___ ═
2024-07-05 17:19:46,203 INFO     ___FILE_ONLY___ ═
2024-07-05 17:19:46,209 INFO     ___FILE_ONLY___ ═
2024-07-05 17:19:46,214 INFO     ___FILE_ONLY___ ═
2024-07-05 17:19:46,219 INFO     ___FILE_ONLY___ ═
2024-07-05 17:19:46,224 INFO     ___FILE_ONLY___ ═
2024-07-05 17:19:46,237 INFO     ___FILE_ONLY___ ═
2024-07-05 17:19:46,245 INFO     ___FILE_ONLY___ ═
2024-07-05 17:19:46,250 INFO     ___FILE_ONLY___ ═
2024-07-05 17:19:46,260 INFO     ___FILE_ONLY___ ═
2024-07-05 17:19:46,265 INFO     ___FILE_ONLY___ ═
2024-07-05 17:19:46,270 INFO     ___FILE_ONLY___ ═
2024-07-05 17:19:46,279 INFO     ___FILE_ONLY___ ═
2024-07-05 17:19:46,284 INFO     ___FILE_ONLY___ ═
2024-07-05 17:19:46,288 INFO     ___FILE_ONLY___ ═
2024-07-05 17:19:46,296 INFO     ___FILE_ONLY___ ═
2024-07-05 17:19:46,304 INFO     ___FILE_ONLY___ ═
2024-07-05 17:19:46,309 INFO     ___FILE_ONLY___ ═
2024-07-05 17:19:46,317 INFO     ___FILE_ONLY___ ═
2024-07-05 17:19:46,327 INFO     ___FILE_ONLY___ ═
2024-07-05 17:19:46,333 INFO     ___FILE_ONLY___ ═
2024-07-05 17:19:46,339 INFO     ___FILE_ONLY___ ═
2024-07-05 17:19:46,343 INFO     ___FILE_ONLY___ ═
2024-07-05 17:19:46,344 INFO     ___FILE_ONLY___ ╝
2024-07-05 17:19:46,351 INFO     ___FILE_ONLY___ ╠════════════════════════════════════════════════════════════╣

2024-07-05 17:19:46,351 INFO     ___FILE_ONLY___ ╠═ Installing: gcloud cli dependencies                      ═╣

2024-07-05 17:19:46,351 INFO     ___FILE_ONLY___ ╚
2024-07-05 17:19:46,352 INFO     ___FILE_ONLY___ ════════════════════════════════════════════════════════════
2024-07-05 17:19:46,352 INFO     ___FILE_ONLY___ ╝

2024-07-05 17:19:46,363 DEBUG    root            Updating notification cache...
2024-07-05 17:19:46,365 INFO     ___FILE_ONLY___ 

2024-07-05 17:19:46,365 INFO     ___FILE_ONLY___ Performing post processing steps...
2024-07-05 17:19:46,365 DEBUG    root            Executing command: ['/Users/avenenga/Downloads/google-cloud-sdk/bin/gcloud', 'components', 'post-process']
2024-07-05 17:19:52,471 DEBUG    ___FILE_ONLY___ 
2024-07-05 17:19:52,471 DEBUG    ___FILE_ONLY___ 
2024-07-05 17:19:52,704 INFO     ___FILE_ONLY___ 
Update done!


2024-07-05 17:19:52,710 DEBUG    root            Chosen display Format:none
2024-07-05 17:19:52,711 INFO     root            Display format: "none"
