2024-07-05 17:21:06,644 DEBUG    root            Loaded Command Group: ['gcloud', 'auth']
2024-07-05 17:21:06,652 DEBUG    root            Loaded Command Group: ['gcloud', 'auth', 'login']
2024-07-05 17:21:06,653 DEBUG    root            Running [gcloud.auth.login] with arguments: []
2024-07-05 17:21:08,783 DEBUG    requests_oauthlib.oauth2_session Generated new state TNSC8t9CTWEoo8jBiswbdGaWfnbiCg.
2024-07-05 17:21:08,978 INFO     ___FILE_ONLY___ Your browser has been opened to visit:

    https://accounts.google.com/o/oauth2/auth?response_type=code&client_id=32555940559.apps.googleusercontent.com&redirect_uri=http%3A%2F%2Flocalhost%3A8085%2F&scope=openid+https%3A%2F%2Fwww.googleapis.com%2Fauth%2Fuserinfo.email+https%3A%2F%2Fwww.googleapis.com%2Fauth%2Fcloud-platform+https%3A%2F%2Fwww.googleapis.com%2Fauth%2Fappengine.admin+https%3A%2F%2Fwww.googleapis.com%2Fauth%2Fsqlservice.login+https%3A%2F%2Fwww.googleapis.com%2Fauth%2Fcompute+https%3A%2F%2Fwww.googleapis.com%2Fauth%2Faccounts.reauth&state=TNSC8t9CTWEoo8jBiswbdGaWfnbiCg&access_type=offline&code_challenge=avmUub-plh1KdQeeM_KF82tS462B4LPqy0wc4FuS0Jo&code_challenge_method=S256


2024-07-05 17:21:14,198 INFO     google_auth_oauthlib.flow "GET /?state=TNSC8t9CTWEoo8jBiswbdGaWfnbiCg&code=4/0ATx3LY6cuHOniJb3OqEsVzfpZrdSRriig98MDjyEJUObdprIj_z3o0b2q6FK4-7EAuNfYA&scope=email%20openid%20https://www.googleapis.com/auth/userinfo.email%20https://www.googleapis.com/auth/cloud-platform%20https://www.googleapis.com/auth/appengine.admin%20https://www.googleapis.com/auth/sqlservice.login%20https://www.googleapis.com/auth/compute%20https://www.googleapis.com/auth/accounts.reauth&authuser=0&hd=aelieve.it&prompt=consent HTTP/1.1" 200 959
2024-07-05 17:21:14,202 DEBUG    requests_oauthlib.oauth2_session Requesting url https://oauth2.googleapis.com/token using method POST.
2024-07-05 17:21:14,202 DEBUG    requests_oauthlib.oauth2_session Supplying headers {b'Accept': b'application/json', b'Content-Type': b'application/x-www-form-urlencoded;charset=UTF-8', b'user-agent': b'google-cloud-sdk gcloud/483.0.0 command/gcloud.auth.login invocation-id/f9ec2252a4af420ea511e6b9cf078bb1 environment/None environment-version/None client-os/MACOSX client-os-ver/24.0.0 client-pltf-arch/arm interactive/True from-script/False python/3.11.6 term/xterm-256color (Macintosh; Intel Mac OS X 24.0.0)'} and data {'grant_type': 'authorization_code', 'client_id': '32555940559.apps.googleusercontent.com', 'client_secret': 'ZmssLNjJy2998hD4CTg2ejr2', 'code': '4/0ATx3LY6cuHOniJb3OqEsVzfpZrdSRriig98MDjyEJUObdprIj_z3o0b2q6FK4-7EAuNfYA', 'redirect_uri': 'http://localhost:8085/', 'code_verifier': 'TyPjQQhtdcBJzv-inhqjGgEsIO5A9yBB3RDTeTn_G3fjQvVbkIrgzlal3IOma7aLiPElmzdfzfo4Q99.cNxuBEqzu-Z~b-vMxrSt4U7JtwZmC.AqpTfPWrA281o9T3zL'}
2024-07-05 17:21:14,202 DEBUG    requests_oauthlib.oauth2_session Passing through key word arguments {'json': None, 'timeout': None, 'auth': None, 'verify': None, 'proxies': None}.
2024-07-05 17:21:14,232 DEBUG    urllib3.connectionpool Starting new HTTPS connection (1): oauth2.googleapis.com:443
2024-07-05 17:21:14,478 DEBUG    urllib3.connectionpool https://oauth2.googleapis.com:443 "POST /token HTTP/1.1" 200 None
2024-07-05 17:21:14,483 DEBUG    requests_oauthlib.oauth2_session Prepared fetch token request body grant_type=authorization_code&client_id=32555940559.apps.googleusercontent.com&client_secret=ZmssLNjJy2998hD4CTg2ejr2&code=4%2F0ATx3LY6cuHOniJb3OqEsVzfpZrdSRriig98MDjyEJUObdprIj_z3o0b2q6FK4-7EAuNfYA&redirect_uri=http%3A%2F%2Flocalhost%3A8085%2F&code_verifier=TyPjQQhtdcBJzv-inhqjGgEsIO5A9yBB3RDTeTn_G3fjQvVbkIrgzlal3IOma7aLiPElmzdfzfo4Q99.cNxuBEqzu-Z~b-vMxrSt4U7JtwZmC.AqpTfPWrA281o9T3zL
2024-07-05 17:21:14,496 DEBUG    requests_oauthlib.oauth2_session Request to fetch token completed with status 200.
2024-07-05 17:21:14,497 DEBUG    requests_oauthlib.oauth2_session Request headers were {'user-agent': b'google-cloud-sdk gcloud/483.0.0 command/gcloud.auth.login invocation-id/f9ec2252a4af420ea511e6b9cf078bb1 environment/None environment-version/None client-os/MACOSX client-os-ver/24.0.0 client-pltf-arch/arm interactive/True from-script/False python/3.11.6 term/xterm-256color (Macintosh; Intel Mac OS X 24.0.0)', 'Accept-Encoding': 'gzip, deflate', 'Accept': b'application/json', 'Connection': 'keep-alive', 'Content-Type': b'application/x-www-form-urlencoded;charset=UTF-8', 'Content-Length': '387'}
2024-07-05 17:21:14,497 DEBUG    requests_oauthlib.oauth2_session Request body was grant_type=authorization_code&client_id=32555940559.apps.googleusercontent.com&client_secret=ZmssLNjJy2998hD4CTg2ejr2&code=4%2F0ATx3LY6cuHOniJb3OqEsVzfpZrdSRriig98MDjyEJUObdprIj_z3o0b2q6FK4-7EAuNfYA&redirect_uri=http%3A%2F%2Flocalhost%3A8085%2F&code_verifier=TyPjQQhtdcBJzv-inhqjGgEsIO5A9yBB3RDTeTn_G3fjQvVbkIrgzlal3IOma7aLiPElmzdfzfo4Q99.cNxuBEqzu-Z~b-vMxrSt4U7JtwZmC.AqpTfPWrA281o9T3zL
2024-07-05 17:21:14,497 DEBUG    requests_oauthlib.oauth2_session Response headers were {'Date': 'Fri, 05 Jul 2024 22:21:14 GMT', 'Pragma': 'no-cache', 'Cache-Control': 'no-cache, no-store, max-age=0, must-revalidate', 'Expires': 'Mon, 01 Jan 1990 00:00:00 GMT', 'Content-Type': 'application/json; charset=utf-8', 'Vary': 'Origin, X-Origin, Referer', 'Content-Encoding': 'gzip', 'Server': 'scaffolding on HTTPServer2', 'X-XSS-Protection': '0', 'X-Frame-Options': 'SAMEORIGIN', 'X-Content-Type-Options': 'nosniff', 'Alt-Svc': 'h3=":443"; ma=2592000,h3-29=":443"; ma=2592000', 'Transfer-Encoding': 'chunked'} and content {
  "access_token": "ya29.a0AXooCgte5bZ7WqEPCFWWPF1n3kxA-WI-su0J50r7PqkvadlcU3i3QyJPdudzspu2TPMWRQONdAUqoJ1L9kcqHnkoi8_c4z5bGZ-3RYfAax1a3F8KjDcizTeK-ke0P8bUEn0WRWlGryazwtFRWLjlWE14EfvEIbnITK383TonPgaCgYKAXMSARISFQHGX2Mi6HboEpMkflk3UsU0OzW2yg0177",
  "expires_in": 3599,
  "refresh_token": "1//04ZuqC-kYbW2nCgYIARAAGAQSNwF-L9Irzf-xNqn9WU8hYzyy1dstBwXiw0IR-0MY4Vz4IQ41LweHFG7em4xswK2de6ueyjusi1A",
  "scope": "https://www.googleapis.com/auth/accounts.reauth https://www.googleapis.com/auth/appengine.admin https://www.googleapis.com/auth/cloud-platform https://www.googleapis.com/auth/compute https://www.googleapis.com/auth/sqlservice.login https://www.googleapis.com/auth/userinfo.email openid",
  "token_type": "Bearer",
  "id_token": "eyJhbGciOiJSUzI1NiIsImtpZCI6IjJhZjkwZTg3YmUxNDBjMjAwMzg4OThhNmVmYTExMjgzZGFiNjAzMWQiLCJ0eXAiOiJKV1QifQ.eyJpc3MiOiJodHRwczovL2FjY291bnRzLmdvb2dsZS5jb20iLCJhenAiOiIzMjU1NTk0MDU1OS5hcHBzLmdvb2dsZXVzZXJjb250ZW50LmNvbSIsImF1ZCI6IjMyNTU1OTQwNTU5LmFwcHMuZ29vZ2xldXNlcmNvbnRlbnQuY29tIiwic3ViIjoiMTA2NjAwNjk4NDk1NTk5MTk0MTE5IiwiaGQiOiJhZWxpZXZlLml0IiwiZW1haWwiOiJhbmRyZXdAYWVsaWV2ZS5pdCIsImVtYWlsX3ZlcmlmaWVkIjp0cnVlLCJhdF9oYXNoIjoiM2xtVnRaUF90dzdJSHVWVkJxVzRDQSIsImlhdCI6MTcyMDIxODA3NCwiZXhwIjoxNzIwMjIxNjc0fQ.zDAXQf_4W-W7lFamvX0qErKVyWPZa2dR4RTZ08PLHXaJamxQMR0tJeWnUfTAVMaVOx6O5gDZVHjEPe1Mbm2_QaEVw7On1H7aP7IXQ84VQki4WeGcrWE94Rt6rhpIIFMykHuelG7ns-nRsrRVSW2XIpGGn7su9ZpCg-lHtPTlVQbydBi_TWsDKgOenNwHiiyE62uDyQjIws7LX6yk_Uv0s1YLXEjtIMpU2tjhvTeJXQ8as2ImeKep1VzmYKVjB9VVdljj7UnZyNhXEbW5ZvejZKympWrwy2vhYI-AUuQLQwt4_VvHOQZheldcgxOa14VBFAUeNh4ca0e-1JKuEd06ng"
}.
2024-07-05 17:21:14,497 DEBUG    requests_oauthlib.oauth2_session Invoking 0 token response hooks.
2024-07-05 17:21:14,497 DEBUG    requests_oauthlib.oauth2_session Obtained token {'access_token': 'ya29.a0AXooCgte5bZ7WqEPCFWWPF1n3kxA-WI-su0J50r7PqkvadlcU3i3QyJPdudzspu2TPMWRQONdAUqoJ1L9kcqHnkoi8_c4z5bGZ-3RYfAax1a3F8KjDcizTeK-ke0P8bUEn0WRWlGryazwtFRWLjlWE14EfvEIbnITK383TonPgaCgYKAXMSARISFQHGX2Mi6HboEpMkflk3UsU0OzW2yg0177', 'expires_in': 3599, 'refresh_token': '1//04ZuqC-kYbW2nCgYIARAAGAQSNwF-L9Irzf-xNqn9WU8hYzyy1dstBwXiw0IR-0MY4Vz4IQ41LweHFG7em4xswK2de6ueyjusi1A', 'scope': ['https://www.googleapis.com/auth/accounts.reauth', 'https://www.googleapis.com/auth/appengine.admin', 'https://www.googleapis.com/auth/cloud-platform', 'https://www.googleapis.com/auth/compute', 'https://www.googleapis.com/auth/sqlservice.login', 'https://www.googleapis.com/auth/userinfo.email', 'openid'], 'token_type': 'Bearer', 'id_token': 'eyJhbGciOiJSUzI1NiIsImtpZCI6IjJhZjkwZTg3YmUxNDBjMjAwMzg4OThhNmVmYTExMjgzZGFiNjAzMWQiLCJ0eXAiOiJKV1QifQ.eyJpc3MiOiJodHRwczovL2FjY291bnRzLmdvb2dsZS5jb20iLCJhenAiOiIzMjU1NTk0MDU1OS5hcHBzLmdvb2dsZXVzZXJjb250ZW50LmNvbSIsImF1ZCI6IjMyNTU1OTQwNTU5LmFwcHMuZ29vZ2xldXNlcmNvbnRlbnQuY29tIiwic3ViIjoiMTA2NjAwNjk4NDk1NTk5MTk0MTE5IiwiaGQiOiJhZWxpZXZlLml0IiwiZW1haWwiOiJhbmRyZXdAYWVsaWV2ZS5pdCIsImVtYWlsX3ZlcmlmaWVkIjp0cnVlLCJhdF9oYXNoIjoiM2xtVnRaUF90dzdJSHVWVkJxVzRDQSIsImlhdCI6MTcyMDIxODA3NCwiZXhwIjoxNzIwMjIxNjc0fQ.zDAXQf_4W-W7lFamvX0qErKVyWPZa2dR4RTZ08PLHXaJamxQMR0tJeWnUfTAVMaVOx6O5gDZVHjEPe1Mbm2_QaEVw7On1H7aP7IXQ84VQki4WeGcrWE94Rt6rhpIIFMykHuelG7ns-nRsrRVSW2XIpGGn7su9ZpCg-lHtPTlVQbydBi_TWsDKgOenNwHiiyE62uDyQjIws7LX6yk_Uv0s1YLXEjtIMpU2tjhvTeJXQ8as2ImeKep1VzmYKVjB9VVdljj7UnZyNhXEbW5ZvejZKympWrwy2vhYI-AUuQLQwt4_VvHOQZheldcgxOa14VBFAUeNh4ca0e-1JKuEd06ng', 'expires_at': 1720221673.497836}.
2024-07-05 17:21:14,507 INFO     ___FILE_ONLY___ 
You are now logged in as [andrew@aelieve.it].
Your current project is [None].  You can change this setting by running:
  $ gcloud config set project PROJECT_ID

2024-07-05 17:21:14,507 DEBUG    root            Chosen display Format:none
2024-07-05 17:21:14,508 INFO     root            Display format: "none"
