2024-07-05 17:20:51,816 DEBUG    root            Loaded Command Group: ['gcloud', 'docker']
2024-07-05 17:20:51,817 DEBUG    root            Running [gcloud.docker] with arguments: []
2024-07-05 17:20:51,817 WARNING  root            `gcloud docker` will not be supported for Docker client versions above 18.03.

As an alternative, use `gcloud auth configure-docker` to configure `docker` to
use `gcloud` as a credential helper, then use `docker` as you would for non-GCR
registries, e.g. `docker pull gcr.io/project-id/my-image`. Add
`--verbosity=error` to silence this warning: `gcloud docker
--verbosity=error -- pull gcr.io/project-id/my-image`.

See: https://cloud.google.com/container-registry/docs/support/deprecation-notices#gcloud-docker

2024-07-05 17:20:51,818 DEBUG    root            (gcloud.docker) You do not currently have an active account selected.
Please run:

  $ gcloud auth login

to obtain new credentials.

If you have already logged in with a different account, run:

  $ gcloud config set account ACCOUNT

to select an already authenticated account to use.
Traceback (most recent call last):
  File "/Users/avenenga/Downloads/google-cloud-sdk/lib/googlecloudsdk/calliope/cli.py", line 998, in Execute
    resources = calliope_command.Run(cli=self, args=args)
                ^^^^^^^^^^^^^^^^^^^^^^^^^^^^^^^^^^^^^^^^^
  File "/Users/avenenga/Downloads/google-cloud-sdk/lib/googlecloudsdk/calliope/backend.py", line 815, in Run
    resources = command_instance.Run(args)
                ^^^^^^^^^^^^^^^^^^^^^^^^^^
  File "/Users/avenenga/Downloads/google-cloud-sdk/lib/googlecloudsdk/calliope/base.py", line 969, in WrappedRun
    return run_func(*args, **kw)
           ^^^^^^^^^^^^^^^^^^^^^
  File "/Users/avenenga/Downloads/google-cloud-sdk/lib/surface/docker.py", line 152, in Run
    docker.UpdateDockerCredentials(server, refresh=force_refresh)
  File "/Users/avenenga/Downloads/google-cloud-sdk/lib/googlecloudsdk/core/docker/docker.py", line 200, in UpdateDockerCredentials
    access_token = store.GetFreshAccessToken()
                   ^^^^^^^^^^^^^^^^^^^^^^^^^^^
  File "/Users/avenenga/Downloads/google-cloud-sdk/lib/googlecloudsdk/core/credentials/store.py", line 514, in GetFreshAccessToken
    creds = LoadFreshCredential(account, scopes, min_expiry_duration,
            ^^^^^^^^^^^^^^^^^^^^^^^^^^^^^^^^^^^^^^^^^^^^^^^^^^^^^^^^^
  File "/Users/avenenga/Downloads/google-cloud-sdk/lib/googlecloudsdk/core/credentials/store.py", line 591, in LoadFreshCredential
    cred = Load(
           ^^^^^
  File "/Users/avenenga/Downloads/google-cloud-sdk/lib/googlecloudsdk/core/credentials/store.py", line 874, in Load
    cred = _Load(
           ^^^^^^
  File "/Users/avenenga/Downloads/google-cloud-sdk/lib/googlecloudsdk/core/credentials/store.py", line 1053, in _Load
    raise creds_exceptions.NoActiveAccountException(
googlecloudsdk.core.credentials.exceptions.NoActiveAccountException: You do not currently have an active account selected.
Please run:

  $ gcloud auth login

to obtain new credentials.

If you have already logged in with a different account, run:

  $ gcloud config set account ACCOUNT

to select an already authenticated account to use.
2024-07-05 17:20:51,820 ERROR    root            (gcloud.docker) You do not currently have an active account selected.
Please run:

  $ gcloud auth login

to obtain new credentials.

If you have already logged in with a different account, run:

  $ gcloud config set account ACCOUNT

to select an already authenticated account to use.
