2024-07-05 18:27:42,806 DEBUG    root            Loaded Command Group: ['gcloud', 'iam']
2024-07-05 18:27:42,807 DEBUG    root            Loaded Command Group: ['gcloud', 'iam', 'service_accounts']
2024-07-05 18:27:42,814 DEBUG    root            Loaded Command Group: ['gcloud', 'iam', 'service-accounts', 'create']
2024-07-05 18:27:42,815 DEBUG    root            Running [gcloud.iam.service-accounts.create] with arguments: [--display-name: "GCloud Default Service Account", NAME: "266629715507-compute"]
2024-07-05 18:27:42,840 DEBUG    urllib3.connectionpool Starting new HTTPS connection (1): iam.googleapis.com:443
2024-07-05 18:27:42,994 DEBUG    urllib3.connectionpool https://iam.googleapis.com:443 "POST /v1/projects/crawler-storage-core/serviceAccounts?alt=json HTTP/1.1" 400 None
2024-07-05 18:27:42,995 DEBUG    root            (gcloud.iam.service-accounts.create) INVALID_ARGUMENT: 266629715507-compute does not match [a-zA-Z][a-zA-Z\d\-]*[a-zA-Z\d].
Traceback (most recent call last):
  File "/Users/avenenga/Downloads/google-cloud-sdk/lib/googlecloudsdk/calliope/cli.py", line 998, in Execute
    resources = calliope_command.Run(cli=self, args=args)
                ^^^^^^^^^^^^^^^^^^^^^^^^^^^^^^^^^^^^^^^^^
  File "/Users/avenenga/Downloads/google-cloud-sdk/lib/googlecloudsdk/calliope/backend.py", line 815, in Run
    resources = command_instance.Run(args)
                ^^^^^^^^^^^^^^^^^^^^^^^^^^
  File "/Users/avenenga/Downloads/google-cloud-sdk/lib/surface/iam/service_accounts/create.py", line 74, in Run
    result = client.projects_serviceAccounts.Create(
             ^^^^^^^^^^^^^^^^^^^^^^^^^^^^^^^^^^^^^^^
  File "/Users/avenenga/Downloads/google-cloud-sdk/lib/googlecloudsdk/generated_clients/apis/iam/v1/iam_v1_client.py", line 3974, in Create
    return self._RunMethod(
           ^^^^^^^^^^^^^^^^
  File "/Users/avenenga/Downloads/google-cloud-sdk/lib/third_party/apitools/base/py/base_api.py", line 737, in _RunMethod
    return self.ProcessHttpResponse(method_config, http_response, request)
           ^^^^^^^^^^^^^^^^^^^^^^^^^^^^^^^^^^^^^^^^^^^^^^^^^^^^^^^^^^^^^^^
  File "/Users/avenenga/Downloads/google-cloud-sdk/lib/third_party/apitools/base/py/base_api.py", line 743, in ProcessHttpResponse
    self.__ProcessHttpResponse(method_config, http_response, request))
    ^^^^^^^^^^^^^^^^^^^^^^^^^^^^^^^^^^^^^^^^^^^^^^^^^^^^^^^^^^^^^^^^^
  File "/Users/avenenga/Downloads/google-cloud-sdk/lib/third_party/apitools/base/py/base_api.py", line 609, in __ProcessHttpResponse
    raise exceptions.HttpError.FromResponse(
apitools.base.py.exceptions.HttpBadRequestError: HttpError accessing <https://iam.googleapis.com/v1/projects/crawler-storage-core/serviceAccounts?alt=json>: response: <{'vary': 'Origin, X-Origin, Referer', 'content-type': 'application/json; charset=UTF-8', 'content-encoding': 'gzip', 'date': 'Fri, 05 Jul 2024 23:27:42 GMT', 'server': 'ESF', 'cache-control': 'private', 'x-xss-protection': '0', 'x-frame-options': 'SAMEORIGIN', 'x-content-type-options': 'nosniff', 'alt-svc': 'h3=":443"; ma=2592000,h3-29=":443"; ma=2592000', 'transfer-encoding': 'chunked', 'status': 400}>, content <{
  "error": {
    "code": 400,
    "message": "266629715507-compute does not match [a-zA-Z][a-zA-Z\\d\\-]*[a-zA-Z\\d].",
    "status": "INVALID_ARGUMENT"
  }
}
>
2024-07-05 18:27:42,999 ERROR    root            (gcloud.iam.service-accounts.create) INVALID_ARGUMENT: 266629715507-compute does not match [a-zA-Z][a-zA-Z\d\-]*[a-zA-Z\d].
