2024-07-05 18:25:17,567 DEBUG    root            Loaded Command Group: ['gcloud', 'projects']
2024-07-05 18:25:17,592 DEBUG    root            Loaded Command Group: ['gcloud', 'projects', 'add_iam_policy_binding']
2024-07-05 18:25:17,596 DEBUG    root            Running [gcloud.projects.add-iam-policy-binding] with arguments: [--member: "serviceAccount:266629715507-compute@developer.gserviceaccount.com", --role: "roles/editor", PROJECT_ID: "crawler-storage-core"]
2024-07-05 18:25:17,628 DEBUG    urllib3.connectionpool Starting new HTTPS connection (1): cloudresourcemanager.googleapis.com:443
2024-07-05 18:25:17,992 DEBUG    urllib3.connectionpool https://cloudresourcemanager.googleapis.com:443 "POST /v1/projects/crawler-storage-core:getIamPolicy?alt=json HTTP/1.1" 200 None
2024-07-05 18:25:34,671 DEBUG    urllib3.connectionpool Starting new HTTPS connection (1): cloudresourcemanager.googleapis.com:443
2024-07-05 18:25:35,567 DEBUG    urllib3.connectionpool https://cloudresourcemanager.googleapis.com:443 "POST /v1/projects/crawler-storage-core:setIamPolicy?alt=json HTTP/1.1" 400 None
2024-07-05 18:25:35,572 INFO     ___FILE_ONLY___ ERROR: Policy modification failed. For a binding with condition, run "gcloud alpha iam policies lint-condition" to identify issues in condition.

2024-07-05 18:25:35,573 DEBUG    root            (gcloud.projects.add-iam-policy-binding) INVALID_ARGUMENT: Service account 266629715507-compute@developer.gserviceaccount.com does not exist.
Traceback (most recent call last):
  File "/Users/avenenga/Downloads/google-cloud-sdk/lib/googlecloudsdk/calliope/cli.py", line 998, in Execute
    resources = calliope_command.Run(cli=self, args=args)
                ^^^^^^^^^^^^^^^^^^^^^^^^^^^^^^^^^^^^^^^^^
  File "/Users/avenenga/Downloads/google-cloud-sdk/lib/googlecloudsdk/calliope/backend.py", line 815, in Run
    resources = command_instance.Run(args)
                ^^^^^^^^^^^^^^^^^^^^^^^^^^
  File "/Users/avenenga/Downloads/google-cloud-sdk/lib/googlecloudsdk/command_lib/util/apis/yaml_command_translator.py", line 1380, in Run
    raise ex
  File "/Users/avenenga/Downloads/google-cloud-sdk/lib/googlecloudsdk/command_lib/util/apis/yaml_command_translator.py", line 1373, in Run
    ref, response = self._CommonRun(args)
                    ^^^^^^^^^^^^^^^^^^^^^
  File "/Users/avenenga/Downloads/google-cloud-sdk/lib/googlecloudsdk/command_lib/util/apis/yaml_command_translator.py", line 455, in _CommonRun
    response = method.Call(
               ^^^^^^^^^^^^
  File "/Users/avenenga/Downloads/google-cloud-sdk/lib/googlecloudsdk/command_lib/util/apis/registry.py", line 341, in Call
    return request_func(global_params=global_params)
           ^^^^^^^^^^^^^^^^^^^^^^^^^^^^^^^^^^^^^^^^^
  File "/Users/avenenga/Downloads/google-cloud-sdk/lib/googlecloudsdk/command_lib/util/apis/registry.py", line 404, in RequestFunc
    return method(request, global_params=global_params)
           ^^^^^^^^^^^^^^^^^^^^^^^^^^^^^^^^^^^^^^^^^^^^
  File "/Users/avenenga/Downloads/google-cloud-sdk/lib/googlecloudsdk/generated_clients/apis/cloudresourcemanager/v1/cloudresourcemanager_v1_client.py", line 966, in SetIamPolicy
    return self._RunMethod(
           ^^^^^^^^^^^^^^^^
  File "/Users/avenenga/Downloads/google-cloud-sdk/lib/third_party/apitools/base/py/base_api.py", line 737, in _RunMethod
    return self.ProcessHttpResponse(method_config, http_response, request)
           ^^^^^^^^^^^^^^^^^^^^^^^^^^^^^^^^^^^^^^^^^^^^^^^^^^^^^^^^^^^^^^^
  File "/Users/avenenga/Downloads/google-cloud-sdk/lib/third_party/apitools/base/py/base_api.py", line 743, in ProcessHttpResponse
    self.__ProcessHttpResponse(method_config, http_response, request))
    ^^^^^^^^^^^^^^^^^^^^^^^^^^^^^^^^^^^^^^^^^^^^^^^^^^^^^^^^^^^^^^^^^
  File "/Users/avenenga/Downloads/google-cloud-sdk/lib/third_party/apitools/base/py/base_api.py", line 609, in __ProcessHttpResponse
    raise exceptions.HttpError.FromResponse(
apitools.base.py.exceptions.HttpBadRequestError: HttpError accessing <https://cloudresourcemanager.googleapis.com/v1/projects/crawler-storage-core:setIamPolicy?alt=json>: response: <{'vary': 'Origin, X-Origin, Referer', 'content-type': 'application/json; charset=UTF-8', 'content-encoding': 'gzip', 'date': 'Fri, 05 Jul 2024 23:25:35 GMT', 'server': 'ESF', 'cache-control': 'private', 'x-xss-protection': '0', 'x-frame-options': 'SAMEORIGIN', 'x-content-type-options': 'nosniff', 'server-timing': 'gfet4t7; dur=706', 'alt-svc': 'h3=":443"; ma=2592000,h3-29=":443"; ma=2592000', 'transfer-encoding': 'chunked', 'status': 400}>, content <{
  "error": {
    "code": 400,
    "message": "Service account 266629715507-compute@developer.gserviceaccount.com does not exist.",
    "status": "INVALID_ARGUMENT"
  }
}
>
2024-07-05 18:25:35,578 ERROR    root            (gcloud.projects.add-iam-policy-binding) INVALID_ARGUMENT: Service account 266629715507-compute@developer.gserviceaccount.com does not exist.
