2024-07-05 18:46:41,038 DEBUG    root            Loaded Command Group: ['gcloud', 'beta', 'builds']
2024-07-05 18:46:41,039 DEBUG    root            Loaded Command Group: ['gcloud', 'beta', 'builds', 'triggers']
2024-07-05 18:46:41,040 DEBUG    root            Loaded Command Group: ['gcloud', 'beta', 'builds', 'triggers', 'create']
2024-07-05 18:46:41,042 DEBUG    root            Loaded Command Group: ['gcloud', 'beta', 'builds', 'triggers', 'create', 'github']
2024-07-05 18:46:41,044 DEBUG    root            Running [gcloud.beta.builds.triggers.create.github] with arguments: [--help: "None"]
2024-07-05 18:46:41,047 DEBUG    root            Loaded Command Group: ['gcloud', 'builds']
2024-07-05 18:46:41,047 DEBUG    root            Loaded Command Group: ['gcloud', 'builds', 'triggers']
2024-07-05 18:46:41,048 DEBUG    root            Loaded Command Group: ['gcloud', 'builds', 'triggers', 'create']
2024-07-05 18:46:41,048 DEBUG    root            Loaded Command Group: ['gcloud', 'builds', 'triggers', 'create', 'github']
2024-07-05 18:46:41,054 DEBUG    root            Loaded Command Group: ['gcloud', 'help']
2024-07-05 18:46:41,062 INFO     ___FILE_ONLY___ [m[1mNAME[m
    gcloud beta builds triggers create github - create a build trigger for a
        GitHub repository

[m[1mSYNOPSIS[m
    [1mgcloud beta builds triggers create github[m
        ([1m--trigger-config[m=[4mPATH[m | [([1m--branch-pattern[m=[4mREGEX[m | [1m--tag-pattern[m=[4mREGEX[m
          | [[1m--pull-request-pattern[m=[4mREGEX[m : [1m--comment-control[m=[4mCOMMENT_CONTROL[m;
          default="COMMENTS_ENABLED"]) ([1m--build-config[m=[4mPATH[m
          | [1m--inline-config[m=[4mPATH[m | [[1m--dockerfile[m=[4mDOCKERFILE[m
          : [1m--dockerfile-dir[m=[4mDOCKERFILE_DIR[m; default="/"
          [1m--dockerfile-image[m=[4mDOCKERFILE_IMAGE[m]) ([1m--repository[m=[4mREPOSITORY[m
          | [[1m--repo-name[m=[4mREPO_NAME[m [1m--repo-owner[m=[4mREPO_OWNER[m
          : [1m--enterprise-config[m=[4mENTERPRISE_CONFIG[m]) : [1m--description[m=[4mDESCRIPTION[m
          [1m--ignored-files[m=[[4mGLOB[m,...] [1m--include-logs-with-status[m
          [1m--included-files[m=[[4mGLOB[m,...] [1m--name[m=[4mNAME[m [1m--region[m=[4mREGION[m
          [1m--[no-]require-approval[m
          [1m--service-account[m=[4mSERVICE_ACCOUNT[m [1m--substitutions[m=[[4mKEY[m=[4mVALUE[m,...]])
        [[4mGCLOUD_WIDE_FLAG ...[m]

[m[1mDESCRIPTION[m
    [1m(BETA)[m Create a build trigger for a GitHub repository.

[m[1mEXAMPLES[m
    To create a push trigger with a 1st-gen repository for all branches:

        $ gcloud beta builds triggers create github --name="my-trigger" \
            --service-account="projects/my-project/serviceAccounts/my-byosa@\
        my-project.iam.gserviceaccount.com" \
            --repo-owner="GoogleCloudPlatform" \
            --repo-name="cloud-builders" --branch-pattern=".*" \
            --build-config="cloudbuild.yaml"

    To create a pull request trigger with a 1st-gen repository for master:

        $ gcloud beta builds triggers create github --name="my-trigger" \
            --service-account="projects/my-project/serviceAccounts/my-byosa@\
        my-project.iam.gserviceaccount.com" \
            --repo-owner="GoogleCloudPlatform" \
            --repo-name="cloud-builders" --pull-request-pattern="^master$" \
            --build-config="cloudbuild.yaml"

    To create a pull request trigger with a 2nd gen repository for master:

        $ gcloud beta builds triggers create github --name="my-trigger" \
            --repository=projects/my-project/locations/us-central1/\
        connections/my-conn/repositories/my-repo \
            --pull-request-pattern="^master$" \
            --build-config="cloudbuild.yaml" --region=us-central1

[m[1mREQUIRED FLAGS[m
     Exactly one of these must be specified:

       [1m--trigger-config[m=[4mPATH[m
          Path to Build Trigger config file (JSON or YAML format). For more
          details, see
          https://cloud.google.com/cloud-build/docs/api/reference/rest/v1/projects.triggers#BuildTrigger

       Flag based trigger configuration

         [1m--description[m=[4mDESCRIPTION[m
            Build trigger description.

         [1m--ignored-files[m=[[4mGLOB[m,...]
            Glob filter. Changes only affecting ignored files won't trigger
            builds.

         [1m--include-logs-with-status[m
            Build logs will be sent back to GitHub as part of the checkrun
            result.

         [1m--included-files[m=[[4mGLOB[m,...]
            Glob filter. Changes affecting at least one included file will
            trigger builds.

         [1m--name[m=[4mNAME[m
            Build trigger name.

         [1m--region[m=[4mREGION[m
            The region of the Cloud Build Service to use. Must be set to a
            supported region name (e.g. [1mus-central1[m). If unset, [1mbuilds/region[m,
            which is the default region to use when working with Cloud Build
            resources, is used. If builds/region is unset, region is set to
            [1mglobal[m. Note: Region must be specified in 2nd gen repo; [1mglobal[m is
            not supported.

         [1m--[no-]require-approval[m
            Require manual approval for triggered builds. Use
            [1m--require-approval[m to enable and [1m--no-require-approval[m to disable.

         [1m--service-account[m=[4mSERVICE_ACCOUNT[m
            The service account used for all user-controlled operations
            including UpdateBuildTrigger, RunBuildTrigger, CreateBuild, and
            CancelBuild. If no service account is set, then the standard Cloud
            Build service account ([PROJECT_NUM]@system.gserviceaccount.com) is
            used instead. Format:
            [1mprojects/{PROJECT_ID}/serviceAccounts/{ACCOUNT_ID_OR_EMAIL}[m.

         [1m--substitutions[m=[[4mKEY[m=[4mVALUE[m,...]
            Parameters to be substituted in the build specification. For
            example:

                $ gcloud beta builds triggers create github ... \
                    --substitutions _FAVORITE_COLOR=blue,_NUM_CANDIES=10

            This will result in a build where every occurrence of
            [1m${_FAVORITE_COLOR}[m in certain fields is replaced by "blue", and
            similarly for [1m${_NUM_CANDIES}[m and "10".

            Substitutions can be applied to user-defined variables (starting
            with an underscore) and to the following built-in variables:
            REPO_NAME, BRANCH_NAME, TAG_NAME, REVISION_ID, COMMIT_SHA,
            SHORT_SHA.

            For more details, see:
            https://cloud.google.com/build/docs/configuring-builds/substitute-variable-values

         Exactly one of these must be specified:

           [1m--branch-pattern[m=[4mREGEX[m
              A regular expression specifying which git branches to match.

              This pattern is used as a regular expression search for any
              incoming pushes. For example, --branch-pattern=foo will match
              "foo", "foobar", and "barfoo". Events on a branch that does not
              match will be ignored.

              The syntax of the regular expressions accepted is the syntax
              accepted by RE2 and described at
              https://github.com/google/re2/wiki/Syntax.

           [1m--tag-pattern[m=[4mREGEX[m
              A regular expression specifying which git tags to match.

              This pattern is used as a regular expression search for any
              incoming pushes. For example, --tag-pattern=foo will match "foo",
              "foobar", and "barfoo". Events on a tag that does not match will
              be ignored.

              The syntax of the regular expressions accepted is the syntax
              accepted by RE2 and described at
              https://github.com/google/re2/wiki/Syntax.

           Pull Request settings

             [1m--pull-request-pattern[m=[4mREGEX[m
                A regular expression specifying which base git branch to match
                for pull request events.

                This pattern is used as a regex search for the base branch (the
                branch you are trying to merge into) for pull request updates.
                For example, --pull-request-pattern=foo will match "foo",
                "foobar", and "barfoo".

                The syntax of the regular expressions accepted is the syntax
                accepted by RE2 and described at
                https://github.com/google/re2/wiki/Syntax.

                This flag argument must be specified if any of the other
                arguments in this group are specified.

             [1m--comment-control[m=[4mCOMMENT_CONTROL[m; default="COMMENTS_ENABLED"
                Require a repository collaborator or owner to comment '/gcbrun'
                on a pull request before running the build. [4mCOMMENT_CONTROL[m
                must be one of:

                 [1mCOMMENTS_DISABLED[m
                    Do not require comments on Pull Requests before builds are
                    triggered.
                 [1mCOMMENTS_ENABLED[m
                    Enforce that repository owners or collaborators must
                    comment on Pull Requests before builds are triggered.
                 [1mCOMMENTS_ENABLED_FOR_EXTERNAL_CONTRIBUTORS_ONLY[m
                    Enforce that repository owners or collaborators must
                    comment on external contributors' Pull Requests before
                    builds are triggered.

         Exactly one of these must be specified:

           [1m--build-config[m=[4mPATH[m
              Path to a YAML or JSON file containing the build configuration in
              the repository.

              For more details, see:
              https://cloud.google.com/cloud-build/docs/build-config

           [1m--inline-config[m=[4mPATH[m
              Local path to a YAML or JSON file containing a build
              configuration.

           Dockerfile build configuration flags

             [1m--dockerfile[m=[4mDOCKERFILE[m
                Path of Dockerfile to use for builds in the repository.

                If specified, a build config will be generated to run docker
                build using the specified file.

                The filename is relative to the Dockerfile directory.

                This flag argument must be specified if any of the other
                arguments in this group are specified.

             [1m--dockerfile-dir[m=[4mDOCKERFILE_DIR[m; default="/"
                Location of the directory containing the Dockerfile in the
                repository.

                The directory will also be used as the Docker build context.

             [1m--dockerfile-image[m=[4mDOCKERFILE_IMAGE[m
                Docker image name to build.

                If not specified,
                gcr.io/PROJECT/github.com/REPO_OWNER/REPO_NAME:$COMMIT_SHA will
                be used.

                Use a build configuration (cloudbuild.yaml) file for building
                multiple images in a single trigger.

         Exactly one of these must be specified:

           [1m--repository[m=[4mREPOSITORY[m
              Repository resource (2nd gen) to use, in the format
              "projects/*/locations/*/connections/*/repositories/[1m".

           1st-gen repository settings.

             [m--repo-name[1m=[1;4mREPO_NAME[1m
                Name of the GitHub Repository (1st gen).

                This flag argument must be specified if any of the other
                arguments in this group are specified.

             [m--repo-owner[1m=[1;4mREPO_OWNER[1m
                Owner of the GitHub Repository (1st gen).

                This flag argument must be specified if any of the other
                arguments in this group are specified.

             [m--enterprise-config[1m=[1;4mENTERPRISE_CONFIG[1m
                Resource name of the GitHub Enterprise config that should be
                applied to this installation.

                For example:
                "projects/{$project_id}/locations/{$location_id}/githubEnterpriseConfigs/{$config_id}

[m[1mGCLOUD WIDE FLAGS[m
    These flags are available to all commands: --access-token-file, --account,
    --billing-project, --configuration, --flags-file, --flatten, --format,
    --help, --impersonate-service-account, --log-http, --project, --quiet,
    --trace-token, --user-output-enabled, --verbosity.

    Run [1m$ gcloud help[m for details.

[m[1mNOTES[m
    This command is currently in beta and might change without notice. This
    variant is also available:

        $ gcloud builds triggers create github

[m
