2024-05-16 14:32:28 Loading main app package /usr/lib/obsidian/obsidian.asar
2024-05-16 14:32:28 Checking for update using Github
2024-05-16 14:32:29 Success.
2024-05-16 14:32:29 Latest version is 1.5.12
2024-05-16 14:32:29 App is up to date.
2024-05-16 16:03:30 Checking for update using Github
2024-05-16 16:03:30 Success.
2024-05-16 16:03:30 Latest version is 1.5.12
2024-05-16 16:03:30 App is up to date.
2024-05-16 17:03:30 Checking for update using Github
2024-05-16 17:03:30 Success.
2024-05-16 17:03:30 Latest version is 1.5.12
2024-05-16 17:03:30 App is up to date.
2024-05-16 18:03:30 Checking for update using Github
2024-05-16 18:03:30 Success.
2024-05-16 18:03:30 Latest version is 1.5.12
2024-05-16 18:03:30 App is up to date.
2024-05-16 19:03:30 Checking for update using Github
2024-05-16 19:03:30 Success.
2024-05-16 19:03:30 Latest version is 1.5.12
2024-05-16 19:03:30 App is up to date.
2024-05-16 20:03:30 Checking for update using Github
2024-05-16 20:03:30 Success.
2024-05-16 20:03:30 Latest version is 1.5.12
2024-05-16 20:03:30 App is up to date.
